[de] Updated key: "tip_ofthe_day_88" from "Hold your melee key to inspect your Egg beater!" to "Halten Sie Ihre Nahkampftaste gedrückt, um Ihren Eierschläger zu überprüfen!"
[es] Updated key: "tip_ofthe_day_88" from "Hold your melee key to inspect your Egg beater!" to "¡Mantén presionada la tecla cuerpo a cuerpo para inspeccionar tu batidor de huevos!"
[fr] Updated key: "tip_ofthe_day_88" from "Hold your melee key to inspect your Egg beater!" to "Maintenez votre touche de mêlée pour inspecter votre batteur à œufs !"
[ko] Updated key: "tip_ofthe_day_88" from "Hold your melee key to inspect your Egg beater!" to "계란 치는 기계를 검사하려면 근접전 키를 누르고 있어야 합니다!"
[nl] Updated key: "tip_ofthe_day_88" from "Hold your melee key to inspect your Egg beater!" to "Houd je melee-toets ingedrukt om je eierklopper te inspecteren!"
[pt] Updated key: "tip_ofthe_day_88" from "Hold your melee key to inspect your Egg beater!" to "Segure sua tecla corpo a corpo para inspecionar seu batedor de ovos!"
[ru] Updated key: "tip_ofthe_day_88" from "Hold your melee key to inspect your Egg beater!" to "Удерживайте клавишу ближнего боя, чтобы осмотреть свой венчик для взбивания яиц!"
[zh] Updated key: "tip_ofthe_day_88" from "Hold your melee key to inspect your Egg beater!" to "按住近战键来检查你的打蛋器！"
[de] Updated key: "tip_ofthe_day_89" from "Out of Chick'n Winner plays? Use eggs to wake it up from it's sleep!" to "Keine Chick'n Winner-Spiele mehr? Wecken Sie es mit Eiern aus seinem Schlaf!"
[es] Updated key: "tip_ofthe_day_89" from "Out of Chick'n Winner plays? Use eggs to wake it up from it's sleep!" to "¿Se acabaron las jugadas de Chick'n Winner? ¡Usa huevos para despertarlo de su sueño!"
[fr] Updated key: "tip_ofthe_day_89" from "Out of Chick'n Winner plays? Use eggs to wake it up from it's sleep!" to "En dehors des pièces de Chick'n Winner ? Utilisez des œufs pour le réveiller de son sommeil !"
[ko] Updated key: "tip_ofthe_day_89" from "Out of Chick'n Winner plays? Use eggs to wake it up from it's sleep!" to "Chick'n Winner의 연극은요? 계란을 이용해 잠에서 깨워보세요!"
[nl] Updated key: "tip_ofthe_day_89" from "Out of Chick'n Winner plays? Use eggs to wake it up from it's sleep!" to "Geen Chick'n Winner meer over? Gebruik eieren om hem wakker te maken uit zijn slaap!"
[pt] Updated key: "tip_ofthe_day_89" from "Out of Chick'n Winner plays? Use eggs to wake it up from it's sleep!" to "Acabou a peça Chick'n Winner? Use ovos para acordá-lo do sono!"
[ru] Updated key: "tip_ofthe_day_89" from "Out of Chick'n Winner plays? Use eggs to wake it up from it's sleep!" to "Закончились пьесы Chick'n Winner? Используйте яйца, чтобы разбудить его ото сна!"
[zh] Updated key: "tip_ofthe_day_89" from "Out of Chick'n Winner plays? Use eggs to wake it up from it's sleep!" to "退出 Chick'n Winner 剧团了吗？用鸡蛋将它从睡梦中唤醒！"
[de] Updated key: "tip_ofthe_day_90" from "VIPs can move their stamp on the egg, adding 1000s of unique skin combos!" to "VIPs können ihren Stempel auf dem Ei verschieben und so Tausende einzigartiger Skin-Kombinationen hinzufügen!"
[es] Updated key: "tip_ofthe_day_90" from "VIPs can move their stamp on the egg, adding 1000s of unique skin combos!" to "¡Los VIP pueden mover su sello en el huevo y agregar miles de combinaciones de aspectos únicos!"
[fr] Updated key: "tip_ofthe_day_90" from "VIPs can move their stamp on the egg, adding 1000s of unique skin combos!" to "Les VIP peuvent déplacer leur tampon sur l'œuf, ajoutant des milliers de combos de peaux uniques !"
[ko] Updated key: "tip_ofthe_day_90" from "VIPs can move their stamp on the egg, adding 1000s of unique skin combos!" to "VIP는 계란에 찍힌 도장을 옮겨서, 수천 가지의 독특한 스킨 콤보를 추가할 수 있습니다!"
[nl] Updated key: "tip_ofthe_day_90" from "VIPs can move their stamp on the egg, adding 1000s of unique skin combos!" to "VIP's kunnen hun stempel op het ei drukken en er duizenden unieke skincombo's aan toevoegen!"
[pt] Updated key: "tip_ofthe_day_90" from "VIPs can move their stamp on the egg, adding 1000s of unique skin combos!" to "Os VIPs podem mover seu carimbo no ovo, adicionando milhares de combinações de skins exclusivas!"
[ru] Updated key: "tip_ofthe_day_90" from "VIPs can move their stamp on the egg, adding 1000s of unique skin combos!" to "VIP-персоны могут переместить свою печать на яйцо, добавив тысячи уникальных комбинаций скинов!"
[zh] Updated key: "tip_ofthe_day_90" from "VIPs can move their stamp on the egg, adding 1000s of unique skin combos!" to "VIP 可以将他们的印章移动到蛋上，增加数千种独特的皮肤组合！"
[de] Updated key: "tip_ofthe_day_91" from "Complete Daily Challenges to earn eggstra <i class='fa fa-egg'></i>" to "Schließen Sie tägliche Herausforderungen ab, um Eggstra <i class='fa fa-egg'></i> zu verdienen"
[es] Updated key: "tip_ofthe_day_91" from "Complete Daily Challenges to earn eggstra <i class='fa fa-egg'></i>" to "Completa desafíos diarios para ganar eggstra <i class='fa fa-egg'></i>"
[fr] Updated key: "tip_ofthe_day_91" from "Complete Daily Challenges to earn eggstra <i class='fa fa-egg'></i>" to "Relevez les défis quotidiens pour gagner des œufs <i class='fa fa-egg'></i>"
[ko] Updated key: "tip_ofthe_day_91" from "Complete Daily Challenges to earn eggstra <i class='fa fa-egg'></i>" to "매일의 도전을 완료하여 eggstra를 얻으세요<i class='fa fa-egg'></i>"
[nl] Updated key: "tip_ofthe_day_91" from "Complete Daily Challenges to earn eggstra <i class='fa fa-egg'></i>" to "Voltooi dagelijkse uitdagingen om eggstra <i class='fa fa-egg'></i> te verdienen"
[pt] Updated key: "tip_ofthe_day_91" from "Complete Daily Challenges to earn eggstra <i class='fa fa-egg'></i>" to "Complete os desafios diários para ganhar ovos <i class='fa fa-egg'></i>"
[ru] Updated key: "tip_ofthe_day_91" from "Complete Daily Challenges to earn eggstra <i class='fa fa-egg'></i>" to "Выполняйте ежедневные задания, чтобы заработать яйца <i class='fa fa-egg'></i>"
[zh] Updated key: "tip_ofthe_day_91" from "Complete Daily Challenges to earn eggstra <i class='fa fa-egg'></i>" to "完成每日挑战，赢取额外<i class='fa fa-egg'></i>"
[de] Updated key: "tip_ofthe_day_92" from "Don't like your challenges? Watch an ad to reroll them!" to "Sie mögen Ihre Herausforderungen nicht? Sehen Sie sich eine Anzeige an, um sie neu zu würfeln!"
[es] Updated key: "tip_ofthe_day_92" from "Don't like your challenges? Watch an ad to reroll them!" to "¿No te gustan los desafíos? ¡Mira un anuncio para volver a lanzarlos!"
[fr] Updated key: "tip_ofthe_day_92" from "Don't like your challenges? Watch an ad to reroll them!" to "Vous n'aimez pas vos défis ? Regardez une publicité pour les relancer !"
[ko] Updated key: "tip_ofthe_day_92" from "Don't like your challenges? Watch an ad to reroll them!" to "도전과제가 마음에 들지 않으신가요? 광고를 보고 다시 굴려보세요!"
[nl] Updated key: "tip_ofthe_day_92" from "Don't like your challenges? Watch an ad to reroll them!" to "Vind je jouw uitdagingen niet leuk? Bekijk een advertentie om ze opnieuw te rollen!"
[pt] Updated key: "tip_ofthe_day_92" from "Don't like your challenges? Watch an ad to reroll them!" to "Não gosta dos seus desafios? Assista a um anúncio para refazê-los!"
[ru] Updated key: "tip_ofthe_day_92" from "Don't like your challenges? Watch an ad to reroll them!" to "Не нравятся ваши задания? Посмотрите рекламу, чтобы перебросить их!"
[zh] Updated key: "tip_ofthe_day_92" from "Don't like your challenges? Watch an ad to reroll them!" to "不喜欢你的挑战吗？观看广告来重新滚动！"
[de] Updated key: "tip_ofthe_day_93" from "Team Game? Type /t before your message to send it only to your team!" to "Teamspiel? Geben Sie /t vor Ihrer Nachricht ein, um sie nur an Ihr Team zu senden!"
[es] Updated key: "tip_ofthe_day_93" from "Team Game? Type /t before your message to send it only to your team!" to "¿Juego de equipo? ¡Escribe /t antes de tu mensaje para enviarlo sólo a tu equipo!"
[fr] Updated key: "tip_ofthe_day_93" from "Team Game? Type /t before your message to send it only to your team!" to "Jeu d'équipe ? Tapez /t avant votre message pour l'envoyer uniquement à votre équipe !"
[ko] Updated key: "tip_ofthe_day_93" from "Team Game? Type /t before your message to send it only to your team!" to "팀 게임? 자신의 팀에게만 전송하려면 메시지 앞에 /t를 입력하세요!"
[nl] Updated key: "tip_ofthe_day_93" from "Team Game? Type /t before your message to send it only to your team!" to "Teamspel? Typ /t vóór uw bericht om het alleen naar uw team te sturen!"
[pt] Updated key: "tip_ofthe_day_93" from "Team Game? Type /t before your message to send it only to your team!" to "Jogo em equipe? Digite /t antes da sua mensagem para enviá-la somente para sua equipe!"
[ru] Updated key: "tip_ofthe_day_93" from "Team Game? Type /t before your message to send it only to your team!" to "Командная игра? Введите /t перед сообщением, чтобы отправить его только своей команде!"
[zh] Updated key: "tip_ofthe_day_93" from "Team Game? Type /t before your message to send it only to your team!" to "团队游戏？在您的消息前输入 /t 即可将其仅发送给您的团队！"
[de] Updated key: "tip_ofthe_day_94" from "Private Lobby owners can type /p to pin a message in chat!" to "Besitzer privater Lobbys können /p eingeben, um eine Nachricht im Chat anzuheften!"
[es] Updated key: "tip_ofthe_day_94" from "Private Lobby owners can type /p to pin a message in chat!" to "¡Los propietarios de lobby privado pueden escribir /p para fijar un mensaje en el chat!"
[fr] Updated key: "tip_ofthe_day_94" from "Private Lobby owners can type /p to pin a message in chat!" to "Les propriétaires de hall d'entré privé peuvent taper /p pour épingler un message dans la conversation par clavardage !"
[ko] Updated key: "tip_ofthe_day_94" from "Private Lobby owners can type /p to pin a message in chat!" to "개인 로비 소유자는 /p를 입력하여 채팅에 메시지를 고정할 수 있습니다!"
[nl] Updated key: "tip_ofthe_day_94" from "Private Lobby owners can type /p to pin a message in chat!" to "Eigenaren van privélobby's kunnen /p typen om een bericht in de chat vast te pinnen!"
[pt] Updated key: "tip_ofthe_day_94" from "Private Lobby owners can type /p to pin a message in chat!" to "Proprietários de Lobby Privado podem digitar /p para fixar uma mensagem no chat!"
[ru] Updated key: "tip_ofthe_day_94" from "Private Lobby owners can type /p to pin a message in chat!" to "Владельцы приватных лобби могут ввести /p, чтобы закрепить сообщение в чате!"
[zh] Updated key: "tip_ofthe_day_94" from "Private Lobby owners can type /p to pin a message in chat!" to "私人大厅所有者可以输入 /p 在聊天中固定消息！"
[de] Updated key: "tip_ofthe_day_95" from "Pay attention to your hit markers - they show you where your enemies are hiding" to "Achten Sie auf Ihre Treffermarkierungen – sie zeigen Ihnen, wo sich Ihre Feinde verstecken"
[es] Updated key: "tip_ofthe_day_95" from "Pay attention to your hit markers - they show you where your enemies are hiding" to "Presta atención a tus marcadores de impacto: te muestran dónde se esconden tus enemigos."
[fr] Updated key: "tip_ofthe_day_95" from "Pay attention to your hit markers - they show you where your enemies are hiding" to "Faites attention à vos marqueurs de coups : ils vous montrent où se cachent vos ennemis."
[ko] Updated key: "tip_ofthe_day_95" from "Pay attention to your hit markers - they show you where your enemies are hiding" to "적중 마커에 주의하세요. 이는 적의 숨은 위치를 보여줍니다."
[nl] Updated key: "tip_ofthe_day_95" from "Pay attention to your hit markers - they show you where your enemies are hiding" to "Let op je doelwitten: deze laten zien waar je vijanden zich verstoppen"
[pt] Updated key: "tip_ofthe_day_95" from "Pay attention to your hit markers - they show you where your enemies are hiding" to "Preste atenção aos seus marcadores de acerto - eles mostram onde seus inimigos estão se escondendo"
[ru] Updated key: "tip_ofthe_day_95" from "Pay attention to your hit markers - they show you where your enemies are hiding" to "Обращайте внимание на маркеры попаданий — они показывают, где прячутся ваши враги."
[zh] Updated key: "tip_ofthe_day_95" from "Pay attention to your hit markers - they show you where your enemies are hiding" to "注意你的命中标记 - 它们会告诉你敌人藏身的地方"
[de] Updated key: "tip_ofthe_day_96" from "You can play on far away servers by changing the default location in settings" to "Sie können auf weit entfernten Servern spielen, indem Sie den Standardstandort in den Einstellungen ändern"
[es] Updated key: "tip_ofthe_day_96" from "You can play on far away servers by changing the default location in settings" to "Puedes jugar en servidores lejanos cambiando la ubicación predeterminada en la configuración"
[fr] Updated key: "tip_ofthe_day_96" from "You can play on far away servers by changing the default location in settings" to "Vous pouvez jouer sur des serveurs éloignés en modifiant l'emplacement par défaut dans les paramètres"
[ko] Updated key: "tip_ofthe_day_96" from "You can play on far away servers by changing the default location in settings" to "설정에서 기본 위치를 변경하면 멀리 떨어진 서버에서도 플레이할 수 있습니다."
[nl] Updated key: "tip_ofthe_day_96" from "You can play on far away servers by changing the default location in settings" to "Je kunt op verre servers spelen door de standaardlocatie in de instellingen te wijzigen"
[pt] Updated key: "tip_ofthe_day_96" from "You can play on far away servers by changing the default location in settings" to "Você pode jogar em servidores distantes alterando o local padrão nas configurações"
[ru] Updated key: "tip_ofthe_day_96" from "You can play on far away servers by changing the default location in settings" to "Вы можете играть на удаленных серверах, изменив местоположение по умолчанию в настройках."
[zh] Updated key: "tip_ofthe_day_96" from "You can play on far away servers by changing the default location in settings" to "您可以通过更改设置中的默认位置在远程服务器上玩游戏"
[de] Updated key: "tip_ofthe_day_97" from "Press V when spectating to spectate from a player point of view!" to "Drücken Sie beim Zuschauen V, um aus der Sicht eines Spielers zuzuschauen!"
[es] Updated key: "tip_ofthe_day_97" from "Press V when spectating to spectate from a player point of view!" to "¡Presiona V cuando estés observando para observar desde el punto de vista de un jugador!"
[fr] Updated key: "tip_ofthe_day_97" from "Press V when spectating to spectate from a player point of view!" to "Appuyez sur V lorsque vous êtes spectateur pour observer du point de vue d'un joueur !"
[ko] Updated key: "tip_ofthe_day_97" from "Press V when spectating to spectate from a player point of view!" to "관전할 때 V를 누르면 플레이어 관점에서 관전할 수 있습니다!"
[nl] Updated key: "tip_ofthe_day_97" from "Press V when spectating to spectate from a player point of view!" to "Druk op V als toeschouwer om vanuit het perspectief van een speler te kijken!"
[pt] Updated key: "tip_ofthe_day_97" from "Press V when spectating to spectate from a player point of view!" to "Pressione V quando estiver assistindo para assistir do ponto de vista de um jogador!"
[ru] Updated key: "tip_ofthe_day_97" from "Press V when spectating to spectate from a player point of view!" to "Нажмите V во время просмотра, чтобы наблюдать за игрой с точки зрения игрока!"
[zh] Updated key: "tip_ofthe_day_97" from "Press V when spectating to spectate from a player point of view!" to "观看时按 V 可以从玩家的角度观看！"
[de] Updated key: "tip_ofthe_day_98" from "Aim down sights to increase your accuracy - but beware you will move slower!" to "Zielen Sie über das Visier, um Ihre Genauigkeit zu erhöhen – aber Vorsicht, Sie bewegen sich dadurch langsamer!"
[es] Updated key: "tip_ofthe_day_98" from "Aim down sights to increase your accuracy - but beware you will move slower!" to "Apunta con la mira para aumentar tu precisión, ¡pero ten cuidado porque te moverás más lento!"
[fr] Updated key: "tip_ofthe_day_98" from "Aim down sights to increase your accuracy - but beware you will move slower!" to "Visez pour augmenter votre précision - mais attention, vous vous déplacerez plus lentement !"
[ko] Updated key: "tip_ofthe_day_98" from "Aim down sights to increase your accuracy - but beware you will move slower!" to "정확도를 높이려면 조준기를 아래로 조준하세요. 하지만 움직임이 느려질 수 있으니 조심하세요!"
[nl] Updated key: "tip_ofthe_day_98" from "Aim down sights to increase your accuracy - but beware you will move slower!" to "Richt door het vizier om nauwkeuriger te schieten, maar wees u ervan bewust dat u dan langzamer beweegt!"
[pt] Updated key: "tip_ofthe_day_98" from "Aim down sights to increase your accuracy - but beware you will move slower!" to "Mire para aumentar sua precisão - mas cuidado, você se moverá mais devagar!"
[ru] Updated key: "tip_ofthe_day_98" from "Aim down sights to increase your accuracy - but beware you will move slower!" to "Цельтесь в прицел, чтобы повысить точность, но будьте осторожны: так вы будете двигаться медленнее!"
[zh] Updated key: "tip_ofthe_day_98" from "Aim down sights to increase your accuracy - but beware you will move slower!" to "瞄准以提高你的准确性 - 但要小心你的移动速度会变慢！"
[de] Updated key: "tip_ofthe_day_99" from "Private Lobby owners can type /kick playername to kick a badegg while in-game" to "Besitzer privater Lobbys können /kick Spielername eingeben, um während des Spiels einen böses Ei zu kicken."
[es] Updated key: "tip_ofthe_day_99" from "Private Lobby owners can type /kick playername to kick a badegg while in-game" to "Los propietarios de lobbys privados pueden escribir /kick playername para expulsar a un badegg mientras están en el juego"
[fr] Updated key: "tip_ofthe_day_99" from "Private Lobby owners can type /kick playername to kick a badegg while in-game" to "Les propriétaires de salons privés peuvent taper /bottez le nomdujoueur pour expulser un mauvaisoeuf pendant le jeu"
[ko] Updated key: "tip_ofthe_day_99" from "Private Lobby owners can type /kick playername to kick a badegg while in-game" to "개인 로비 소유자는 게임 중에 /kick 플레이어 이름을 입력하여 악당을 물리칠 수 있습니다."
[nl] Updated key: "tip_ofthe_day_99" from "Private Lobby owners can type /kick playername to kick a badegg while in-game" to "Eigenaren van privélobby's kunnen /kick playername typen om een badegg te schoppen terwijl ze in het spel zijn"
[pt] Updated key: "tip_ofthe_day_99" from "Private Lobby owners can type /kick playername to kick a badegg while in-game" to "Os proprietários do Lobby Privado podem digitar /kick playername para chutar um badegg durante o jogo"
[ru] Updated key: "tip_ofthe_day_99" from "Private Lobby owners can type /kick playername to kick a badegg while in-game" to "Владельцы приватного лобби могут ввести /kick playername, чтобы выгнать badegg во время игры."
[zh] Updated key: "tip_ofthe_day_99" from "Private Lobby owners can type /kick playername to kick a badegg while in-game" to "私人大厅所有者可以在游戏中输入 /kick playername 来踢出 badegg"
[de] Updated key: "tip_ofthe_day_100" from "Make an Egg bounce by soaking it in vinegar for 48 hours!" to "Lassen Sie ein Ei hüpfen, indem Sie es 48 Stunden in Essig einlegen!"
[es] Updated key: "tip_ofthe_day_100" from "Make an Egg bounce by soaking it in vinegar for 48 hours!" to "¡Haz que un huevo rebote sumergiéndolo en vinagre durante 48 horas!"
[fr] Updated key: "tip_ofthe_day_100" from "Make an Egg bounce by soaking it in vinegar for 48 hours!" to "Faites rebondir un œuf en le trempant dans du vinaigre pendant 48 heures !"
[ko] Updated key: "tip_ofthe_day_100" from "Make an Egg bounce by soaking it in vinegar for 48 hours!" to "식초에 48시간 담가두면 에그 바운스가 완성됩니다!"
[nl] Updated key: "tip_ofthe_day_100" from "Make an Egg bounce by soaking it in vinegar for 48 hours!" to "Laat een ei stuiteren door het 48 uur in azijn te leggen!"
[pt] Updated key: "tip_ofthe_day_100" from "Make an Egg bounce by soaking it in vinegar for 48 hours!" to "Faça um ovo saltar deixando-o de molho em vinagre por 48 horas!"
[ru] Updated key: "tip_ofthe_day_100" from "Make an Egg bounce by soaking it in vinegar for 48 hours!" to "Замочите яйцо в уксусе на 48 часов, чтобы оно подпрыгивало!"
[zh] Updated key: "tip_ofthe_day_100" from "Make an Egg bounce by soaking it in vinegar for 48 hours!" to "将鸡蛋浸泡在醋中 48 小时，让鸡蛋弹起来！"
[de] Updated key: "tip_ofthe_day_101" from "Ostrich eggs are 20x larger than Chicken eggs!" to "Straußeneier sind 20x größer als Hühnereier!"
[es] Updated key: "tip_ofthe_day_101" from "Ostrich eggs are 20x larger than Chicken eggs!" to "¡Los huevos de avestruz son 20 veces más grandes que los huevos de gallina!"
[fr] Updated key: "tip_ofthe_day_101" from "Ostrich eggs are 20x larger than Chicken eggs!" to "Les œufs d’autruche sont 20 fois plus gros que les œufs de poule !"
[ko] Updated key: "tip_ofthe_day_101" from "Ostrich eggs are 20x larger than Chicken eggs!" to "타조 알은 달걀보다 20배나 더 큽니다!"
[nl] Updated key: "tip_ofthe_day_101" from "Ostrich eggs are 20x larger than Chicken eggs!" to "Struisvogeleieren zijn 20x groter dan kippeneieren!"
[pt] Updated key: "tip_ofthe_day_101" from "Ostrich eggs are 20x larger than Chicken eggs!" to "Os ovos de avestruz são 20x maiores que os ovos de galinha!"
[ru] Updated key: "tip_ofthe_day_101" from "Ostrich eggs are 20x larger than Chicken eggs!" to "Яйца страуса в 20 раз больше куриных!"
[zh] Updated key: "tip_ofthe_day_101" from "Ostrich eggs are 20x larger than Chicken eggs!" to "鸵鸟蛋比鸡蛋大 20 倍！"
[de] Updated key: "tip_ofthe_day_102" from "Did you know birds lay eggs?! Strange but true!" to "Wussten Sie, dass Vögel Eier legen?! Seltsam, aber wahr!"
[es] Updated key: "tip_ofthe_day_102" from "Did you know birds lay eggs?! Strange but true!" to "¿Sabías que los pájaros ponen huevos? ¡Extraño pero cierto!"
[fr] Updated key: "tip_ofthe_day_102" from "Did you know birds lay eggs?! Strange but true!" to "Saviez-vous que les oiseaux pondent des œufs ?! Étrange mais vrai !"
[ko] Updated key: "tip_ofthe_day_102" from "Did you know birds lay eggs?! Strange but true!" to "새가 알을 낳는다는 걸 알고 계셨나요?! 이상하지만 사실이에요!"
[nl] Updated key: "tip_ofthe_day_102" from "Did you know birds lay eggs?! Strange but true!" to "Wist je dat vogels eieren leggen?! Raar maar waar!"
[pt] Updated key: "tip_ofthe_day_102" from "Did you know birds lay eggs?! Strange but true!" to "Você sabia que os pássaros botam ovos?! Estranho, mas é verdade!"
[ru] Updated key: "tip_ofthe_day_102" from "Did you know birds lay eggs?! Strange but true!" to "Знаете ли вы, что птицы откладывают яйца?! Странно, но это правда!"
[zh] Updated key: "tip_ofthe_day_102" from "Did you know birds lay eggs?! Strange but true!" to "你知道鸟会下蛋吗？！奇怪但却是事实！"
[de] Updated key: "tip_ofthe_day_103" from "Maybe don't rush an egg flashing red... unless you're feeling cracked" to "Vielleicht sollten Sie ein rot blinkendes Ei nicht überstürzen... es sei denn, Sie fühlen sich angeschlagen"
[es] Updated key: "tip_ofthe_day_103" from "Maybe don't rush an egg flashing red... unless you're feeling cracked" to "Tal vez no te apresures a poner un huevo rojo... a menos que te sientas mal"
[fr] Updated key: "tip_ofthe_day_103" from "Maybe don't rush an egg flashing red... unless you're feeling cracked" to "Ne vous précipitez peut-être pas sur un œuf qui clignote en rouge... à moins que vous ne vous sentiez fêlé"
[ko] Updated key: "tip_ofthe_day_103" from "Maybe don't rush an egg flashing red... unless you're feeling cracked" to "달걀이 빨간색으로 번쩍이는 것을 보고 서두르지 마세요... 깨졌다고 느껴지지 않는 한요."
[nl] Updated key: "tip_ofthe_day_103" from "Maybe don't rush an egg flashing red... unless you're feeling cracked" to "Misschien moet je niet te snel een rood knipperend ei eten... tenzij je je gebroken voelt"
[pt] Updated key: "tip_ofthe_day_103" from "Maybe don't rush an egg flashing red... unless you're feeling cracked" to "Talvez não seja uma boa ideia apressar um ovo vermelho brilhante... a menos que você esteja se sentindo quebrado"
[ru] Updated key: "tip_ofthe_day_103" from "Maybe don't rush an egg flashing red... unless you're feeling cracked" to "Может быть, не стоит торопиться с яйцом, мигающим красным... если только вы не чувствуете себя разбитым"
[zh] Updated key: "tip_ofthe_day_103" from "Maybe don't rush an egg flashing red... unless you're feeling cracked" to "也许不要急着吃一颗闪着红光的鸡蛋……除非你感觉崩溃了"
[de] Updated key: "tip_ofthe_day_104" from "Don't tease your parents, Boomers can't take a yolk." to "Ärgern Sie Ihre Eltern nicht, die Babyboomer vertragen kein Eigelb."
[es] Updated key: "tip_ofthe_day_104" from "Don't tease your parents, Boomers can't take a yolk." to "No te burles de tus padres, los baby boomers no saben ni tomar leche."
[fr] Updated key: "tip_ofthe_day_104" from "Don't tease your parents, Boomers can't take a yolk." to "Ne taquinez pas vos parents, les baby-boomers ne peuvent pas prendre un jaune d'oeuf."
[ko] Updated key: "tip_ofthe_day_104" from "Don't tease your parents, Boomers can't take a yolk." to "부모님을 놀리지 마세요. 베이비붐 세대는 노른자를 먹을 수 없어요."
[nl] Updated key: "tip_ofthe_day_104" from "Don't tease your parents, Boomers can't take a yolk." to "Plaag je ouders niet, Boomers kunnen geen dooier verdragen."
[pt] Updated key: "tip_ofthe_day_104" from "Don't tease your parents, Boomers can't take a yolk." to "Não provoque seus pais, os Boomers não aguentam gema."
[ru] Updated key: "tip_ofthe_day_104" from "Don't tease your parents, Boomers can't take a yolk." to "Не дразните своих родителей, поколение «бумеров» не выносит желтка."
[zh] Updated key: "tip_ofthe_day_104" from "Don't tease your parents, Boomers can't take a yolk." to "别取笑你的父母，婴儿潮一代连蛋黄都吃不了。"
[de] Updated key: "tip_ofthe_day_105" from "Remember to get your daily eggs-ercise!" to "Denken Sie an Ihr tägliches Ei-Training!"
[es] Updated key: "tip_ofthe_day_105" from "Remember to get your daily eggs-ercise!" to "¡Recuerda hacer tu ejercicio diario de huevos!"
[fr] Updated key: "tip_ofthe_day_105" from "Remember to get your daily eggs-ercise!" to "N'oubliez pas de faire votre exercice quotidien sur les œufs !"
[ko] Updated key: "tip_ofthe_day_105" from "Remember to get your daily eggs-ercise!" to "매일 계란 운동을 하는 것을 잊지 마세요!"
[nl] Updated key: "tip_ofthe_day_105" from "Remember to get your daily eggs-ercise!" to "Vergeet niet om dagelijks je eieren te eten!"
[pt] Updated key: "tip_ofthe_day_105" from "Remember to get your daily eggs-ercise!" to "Lembre-se de comer seus ovos-exercícios diários!"
[ru] Updated key: "tip_ofthe_day_105" from "Remember to get your daily eggs-ercise!" to "Не забудьте сделать ежедневную зарядку из яиц!"
[zh] Updated key: "tip_ofthe_day_105" from "Remember to get your daily eggs-ercise!" to "记得每天进行鸡蛋锻炼！"
[de] Updated key: "tip_ofthe_day_106" from "Stay unpredictable, stay alive" to "Bleiben Sie unberechenbar, bleiben Sie am Leben"
[es] Updated key: "tip_ofthe_day_106" from "Stay unpredictable, stay alive" to "Mantente impredecible, mantente vivo"
[fr] Updated key: "tip_ofthe_day_106" from "Stay unpredictable, stay alive" to "Restez imprévisible, restez en vie"
[ko] Updated key: "tip_ofthe_day_106" from "Stay unpredictable, stay alive" to "예측 불가능하게 살아라, 살아남아라"
[nl] Updated key: "tip_ofthe_day_106" from "Stay unpredictable, stay alive" to "Blijf onvoorspelbaar, blijf in leven"
[pt] Updated key: "tip_ofthe_day_106" from "Stay unpredictable, stay alive" to "Permaneça imprevisível, permaneça vivo"
[ru] Updated key: "tip_ofthe_day_106" from "Stay unpredictable, stay alive" to "Оставайся непредсказуемым, оставайся живым."
[zh] Updated key: "tip_ofthe_day_106" from "Stay unpredictable, stay alive" to "保持不可预测性，保持活力"
[de] Updated key: "server_local" from "localhost" to "lokaler Host"
[es] Updated key: "server_local" from "localhost" to "servidor local"
[fr] Updated key: "server_local" from "localhost" to "hôte local"
[ko] Updated key: "server_local" from "localhost" to "로컬 호스트"
[nl] Updated key: "server_local" from "localhost" to "lokale host"
[pt] Updated key: "server_local" from "localhost" to "host local"
[zh] Updated key: "server_local" from "localhost" to "本地主机"
[de] Updated key: "server_gamedev" from "gamedev" to "Spieleentwickler"
[es] Updated key: "server_gamedev" from "gamedev" to "desarrollo de juegos"
[fr] Updated key: "server_gamedev" from "gamedev" to "développement de jeux"
[ko] Updated key: "server_gamedev" from "gamedev" to "게임 개발"
[pt] Updated key: "server_gamedev" from "gamedev" to "desenvolvimento de jogos"
[zh] Updated key: "server_gamedev" from "gamedev" to "游戏开发"
[de] Updated key: "server_staging" from "Staging" to "Inszenierung"
[es] Updated key: "server_staging" from "Montaje" to "Puesta en escena"
[fr] Updated key: "server_staging" from "Mise en place" to "Mise en scène"
[ko] Updated key: "server_staging" from "Staging" to "기획"
[nl] Updated key: "server_staging" from "Staging" to "Enscenering"
[pt] Updated key: "server_staging" from "Servidor de teste" to "Encenação"
[ru] Updated key: "server_staging" from "Показательный" to "Постановка"
[zh] Updated key: "server_staging" from "阶段测试" to "分期"
[de] Updated key: "server_dev" from "Dev" to "Entwickler"
[es] Updated key: "server_dev" from "Dev" to "Desarrollador"
[fr] Updated key: "server_dev" from "Développeur" to "Dév"
[ko] Updated key: "server_dev" from "Dev" to "개발"
[nl] Updated key: "server_dev" from "Dev" to "Ontwikkelaar"
[pt] Updated key: "server_dev" from "Dev" to "Desenvolvedor"
[ru] Updated key: "server_dev" from "Dev" to "Разработчик"
[zh] Updated key: "server_dev" from "Dev" to "开发"
[de] Updated key: "server_localshelldev" from "Local Dev" to "Lokale Entwicklung"
[es] Updated key: "server_localshelldev" from "Local Dev" to "Desarrollo local"
[ko] Updated key: "server_localshelldev" from "Local Dev" to "로컬 개발"
[nl] Updated key: "server_localshelldev" from "Local Dev" to "Lokale ontwikkeling"
[pt] Updated key: "server_localshelldev" from "Local Dev" to "Desenvolvedor local"
[ru] Updated key: "server_localshelldev" from "Local Dev" to "Местный разработчик"
[zh] Updated key: "server_localshelldev" from "Local Dev" to "本地开发"
[de] Updated key: "p_settings_music_volume" from "Music Volume" to "Musiklautstärke"
[es] Updated key: "p_settings_music_volume" from "Music Volume" to "Volumen de la música"
[fr] Updated key: "p_settings_music_volume" from "Music Volume" to "Volume de la musique"
[ko] Updated key: "p_settings_music_volume" from "Music Volume" to "음악 볼륨"
[nl] Updated key: "p_settings_music_volume" from "Music Volume" to "Muziekvolume"
[pt] Updated key: "p_settings_music_volume" from "Music Volume" to "Volume da música"
[ru] Updated key: "p_settings_music_volume" from "Music Volume" to "Громкость музыки"
[zh] Updated key: "p_settings_music_volume" from "Music Volume" to "音乐音量"
[de] Updated key: "item_smg_infernal_title" from "The Infernal Whipper" to "Der höllische Peitschenhieb"
[es] Updated key: "item_smg_infernal_title" from "The Infernal Whipper" to "El azotador infernal"
[fr] Updated key: "item_smg_infernal_title" from "The Infernal Whipper" to "Le fouet infernal"
[ko] Updated key: "item_smg_infernal_title" from "The Infernal Whipper" to "지옥의 채찍질꾼"
[nl] Updated key: "item_smg_infernal_title" from "The Infernal Whipper" to "De Helse Zweep"
[pt] Updated key: "item_smg_infernal_title" from "The Infernal Whipper" to "O chicoteador infernal"
[ru] Updated key: "item_smg_infernal_title" from "The Infernal Whipper" to "Адский кнут"
[zh] Updated key: "item_smg_infernal_title" from "The Infernal Whipper" to "地狱鞭笞者"
[de] Updated key: "item_smg_infernal_desc" from "Whip it real good!" to "Schlagen Sie es WIRKLICH gut auf"
[es] Updated key: "item_smg_infernal_desc" from "Whip it real good!" to "Bátelo realmente bien!"
[fr] Updated key: "item_smg_infernal_desc" from "Whip it real good!" to "Fouettez-le VRAIMENT bien"
[ko] Updated key: "item_smg_infernal_desc" from "Whip it real good!" to "휘핑 정말 좋아요!"
[nl] Updated key: "item_smg_infernal_desc" from "Whip it real good!" to "Geef hem er echt goed van langs"
[pt] Updated key: "item_smg_infernal_desc" from "Whip it real good!" to "Chicoteie bem!"
[ru] Updated key: "item_smg_infernal_desc" from "Whip it real good!" to "Взбей это действительно хорошо!"
[zh] Updated key: "item_smg_infernal_desc" from "Whip it real good!" to "鞭打它真的很好"
[de] Updated key: "item_hat_dfly_title" from "The Dragonfly Wings" to "Die Libellenflügel"
[es] Updated key: "item_hat_dfly_title" from "The Dragonfly Wings" to "Las alas de la libélula"
[fr] Updated key: "item_hat_dfly_title" from "The Dragonfly Wings" to "Les ailes de la libellule"
[ko] Updated key: "item_hat_dfly_title" from "The Dragonfly Wings" to "잠자리 날개"
[nl] Updated key: "item_hat_dfly_title" from "The Dragonfly Wings" to "De vleugels van de libel"
[pt] Updated key: "item_hat_dfly_title" from "The Dragonfly Wings" to "Asas de Libélula"
[ru] Updated key: "item_hat_dfly_title" from "The Dragonfly Wings" to "Крылья стрекозы"
[zh] Updated key: "item_hat_dfly_title" from "The Dragonfly Wings" to "蜻蜓的翅膀"
[de] Updated key: "item_hat_dfly_desc" from "Elevate the Fight" to "Erhöhen Sie den Kampf"
[es] Updated key: "item_hat_dfly_desc" from "Elevate the Fight" to "Elevar la lucha"
[fr] Updated key: "item_hat_dfly_desc" from "Elevate the Fight" to "Élever le combat"
[ko] Updated key: "item_hat_dfly_desc" from "Elevate the Fight" to "싸움을 격상시키다"
[nl] Updated key: "item_hat_dfly_desc" from "Elevate the Fight" to "Breng de strijd naar een hoger plan"
[pt] Updated key: "item_hat_dfly_desc" from "Elevate the Fight" to "Eleve a Luta"
[ru] Updated key: "item_hat_dfly_desc" from "Elevate the Fight" to "Поднять борьбу"
[zh] Updated key: "item_hat_dfly_desc" from "Elevate the Fight" to "提升战斗力"
[de] Updated key: "item_melee_pball_title" from "The Pickleball Melee" to "Das Pickleball-Duell"
[es] Updated key: "item_melee_pball_title" from "The Pickleball Melee" to "La pelea de Pickleball"
[fr] Updated key: "item_melee_pball_title" from "The Pickleball Melee" to "La mêlée de Pickleball"
[ko] Updated key: "item_melee_pball_title" from "The Pickleball Melee" to "피클볼 난투"
[nl] Updated key: "item_melee_pball_title" from "The Pickleball Melee" to "De Pickleball Melee"
[pt] Updated key: "item_melee_pball_title" from "The Pickleball Melee" to "A confusão de Pickleball"
[ru] Updated key: "item_melee_pball_title" from "The Pickleball Melee" to "Пиклбол-милли"
[zh] Updated key: "item_melee_pball_title" from "The Pickleball Melee" to "匹克球混战"
[en] Updated key: "item_melee_pball_desc" from "Smashing casuals since 2022" to "Casual smashing since 2022"
[de] Updated key: "item_melee_pball_desc" from "Casual smashing since 2022" to "Lässiges Smashing seit 2022"
[es] Updated key: "item_melee_pball_desc" from "Casual smashing since 2022" to "Smash casual desde 2022"
[fr] Updated key: "item_melee_pball_desc" from "Casual smashing since 2022" to "Smash occasionnel depuis 2022"
[ko] Updated key: "item_melee_pball_desc" from "Casual smashing since 2022" to "2022년부터 캐주얼 스매싱"
[nl] Updated key: "item_melee_pball_desc" from "Casual smashing since 2022" to "Casual smashing sinds 2022"
[pt] Updated key: "item_melee_pball_desc" from "Casual smashing since 2022" to "Esmagamento casual desde 2022"
[ru] Updated key: "item_melee_pball_desc" from "Casual smashing since 2022" to "Повседневный разгром с 2022 года"
[zh] Updated key: "item_melee_pball_desc" from "Casual smashing since 2022" to "自 2022 年以来休闲粉碎"
[de] Updated key: "item_m24_chess_title" from "The Checkmate Crackshot" to "Der Schachmatt-Scharfschütze"
[es] Updated key: "item_m24_chess_title" from "The Checkmate Crackshot" to "El Crackshot del Jaque Mate"
[fr] Updated key: "item_m24_chess_title" from "The Checkmate Crackshot" to "Le coup de foudre échec et mat"
[ko] Updated key: "item_m24_chess_title" from "The Checkmate Crackshot" to "체크메이트 크랙샷"
[pt] Updated key: "item_m24_chess_title" from "The Checkmate Crackshot" to "O tiro certeiro do xeque-mate"
[ru] Updated key: "item_m24_chess_title" from "The Checkmate Crackshot" to "Шах и мат Щелкунчик"
[zh] Updated key: "item_m24_chess_title" from "The Checkmate Crackshot" to "将死神枪手"
[de] Updated key: "item_m24_chess_desc" from "Endgame Eggcellence" to "Endspiel-Eiexzellenz"
[es] Updated key: "item_m24_chess_desc" from "Endgame Eggcellence" to "Final del juego: la excelencia del huevo"
[fr] Updated key: "item_m24_chess_desc" from "Endgame Eggcellence" to "Fin de partie Eggcellence"
[ko] Updated key: "item_m24_chess_desc" from "Endgame Eggcellence" to "엔드게임 에그셀런스"
[nl] Updated key: "item_m24_chess_desc" from "Endgame Eggcellence" to "Eindspel Eggcellence"
[pt] Updated key: "item_m24_chess_desc" from "Endgame Eggcellence" to "Ovocelence do Endgame"
[ru] Updated key: "item_m24_chess_desc" from "Endgame Eggcellence" to "Финальное яйце-мастерство"
[zh] Updated key: "item_m24_chess_desc" from "Endgame Eggcellence" to "终局之战 Eggcellence"
[de] Updated key: "item_melee_techno_title" from "The Techno Melee" to "Der Techno-Nahkampf"
[es] Updated key: "item_melee_techno_title" from "The Techno Melee" to "La melé tecno"
[fr] Updated key: "item_melee_techno_title" from "The Techno Melee" to "La Techno Mêlée"
[ko] Updated key: "item_melee_techno_title" from "The Techno Melee" to "테크노 밀리"
[nl] Updated key: "item_melee_techno_title" from "The Techno Melee" to "De Techno Melee"
[pt] Updated key: "item_melee_techno_title" from "The Techno Melee" to "O Techno Melee"
[ru] Updated key: "item_melee_techno_title" from "The Techno Melee" to "Техно-схватка"
[zh] Updated key: "item_melee_techno_title" from "The Techno Melee" to "科技混战"
[de] Updated key: "item_melee_techno_desc" from "The perfect beat DOES exist" to "Den perfekten Beat gibt es wirklich"
[es] Updated key: "item_melee_techno_desc" from "The perfect beat DOES exist" to "El ritmo perfecto SÍ existe"
[fr] Updated key: "item_melee_techno_desc" from "The perfect beat DOES exist" to "Le rythme parfait existe"
[ko] Updated key: "item_melee_techno_desc" from "The perfect beat DOES exist" to "완벽한 비트는 존재합니다"
[nl] Updated key: "item_melee_techno_desc" from "The perfect beat DOES exist" to "De perfecte beat bestaat wel"
[pt] Updated key: "item_melee_techno_desc" from "The perfect beat DOES exist" to "A batida perfeita EXISTE"
[ru] Updated key: "item_melee_techno_desc" from "The perfect beat DOES exist" to "Идеальный бит СУЩЕСТВУЕТ"
[zh] Updated key: "item_melee_techno_desc" from "The perfect beat DOES exist" to "完美的节拍确实存在"
[fr] Updated key: "item_hat_lighty_title" from "Rizz Lightyear" to "Rizz l'Éclair"
[ko] Updated key: "item_hat_lighty_title" from "Rizz Lightyear" to "리즈 라이트이어"
[pt] Updated key: "item_hat_lighty_title" from "Rizz Lightyear" to "Rizz Ano Luz"
[zh] Updated key: "item_hat_lighty_title" from "Rizz Lightyear" to "瑞兹光年"
[de] Updated key: "item_hat_lighty_desc" from "To Eggfinity... & Beyond!" to "Zur UnendlichkEit … & Darüber hinaus!"
[es] Updated key: "item_hat_lighty_desc" from "To Eggfinity... & Beyond!" to "Hacia Eggfinity... ¡y más allá!"
[fr] Updated key: "item_hat_lighty_desc" from "To Eggfinity... & Beyond!" to "À Eggfinity... et Au-delà !"
[ko] Updated key: "item_hat_lighty_desc" from "To Eggfinity... & Beyond!" to "에그피니티에게... & 그 너머에!"
[nl] Updated key: "item_hat_lighty_desc" from "To Eggfinity... & Beyond!" to "Naar Eggfinity... & Verder!"
[pt] Updated key: "item_hat_lighty_desc" from "To Eggfinity... & Beyond!" to "Para Eggfinity... & Além!"
[ru] Updated key: "item_hat_lighty_desc" from "To Eggfinity... & Beyond!" to "В Eggfinity... и дальше!"
[zh] Updated key: "item_hat_lighty_desc" from "To Eggfinity... & Beyond!" to "到 Eggfinity... ＆ 超过！"
[de] Updated key: "item_rpegg_infernal_title" from "The Infernal RPEGG" to "Das höllische RPEGG"
[es] Updated key: "item_rpegg_infernal_title" from "The Infernal RPEGG" to "El RPEGG infernal"
[fr] Updated key: "item_rpegg_infernal_title" from "The Infernal RPEGG" to "Le RPGG infernal"
[ko] Updated key: "item_rpegg_infernal_title" from "The Infernal RPEGG" to "지옥의 RPG"
[nl] Updated key: "item_rpegg_infernal_title" from "The Infernal RPEGG" to "De helse RPEGG"
[pt] Updated key: "item_rpegg_infernal_title" from "The Infernal RPEGG" to "O RPEGG Infernal"
[ru] Updated key: "item_rpegg_infernal_title" from "The Infernal RPEGG" to "Адский RPEGG"
[zh] Updated key: "item_rpegg_infernal_title" from "The Infernal RPEGG" to "地狱般的 RPEGG"
[de] Updated key: "item_rpegg_infernal_desc" from "Hot Rocket > Hot Pockets" to "Heiße Rakete > Heiße Taschen"
[es] Updated key: "item_rpegg_infernal_desc" from "Hot Rocket > Hot Pockets" to "Cohete caliente > Bolsillos calientes"
[fr] Updated key: "item_rpegg_infernal_desc" from "Hot Rocket > Hot Pockets" to "Fusée chaude > Poches chaudes"
[ko] Updated key: "item_rpegg_infernal_desc" from "Hot Rocket > Hot Pockets" to "핫 로켓 > 핫 포켓"
[nl] Updated key: "item_rpegg_infernal_desc" from "Hot Rocket > Hot Pockets" to "Hete Raket > Hete Zakken"
[pt] Updated key: "item_rpegg_infernal_desc" from "Hot Rocket > Hot Pockets" to "Foguete Quente > Bolsos Quentes"
[ru] Updated key: "item_rpegg_infernal_desc" from "Hot Rocket > Hot Pockets" to "Горячая ракета > Горячие карманы"
[zh] Updated key: "item_rpegg_infernal_desc" from "Hot Rocket > Hot Pockets" to "Hot Rocket > 热口袋"
[de] Updated key: "item_hat_dlich_title" from "The Dracolich Wings" to "Die Flügel des Drachenlichs"
[es] Updated key: "item_hat_dlich_title" from "The Dracolich Wings" to "Las alas del dracoliche"
[fr] Updated key: "item_hat_dlich_title" from "The Dracolich Wings" to "Les ailes de Dracolich"
[ko] Updated key: "item_hat_dlich_title" from "The Dracolich Wings" to "드라코리치 윙스"
[nl] Updated key: "item_hat_dlich_title" from "The Dracolich Wings" to "De Dracolich-Wings"
[pt] Updated key: "item_hat_dlich_title" from "The Dracolich Wings" to "As Asas do Dracolich"
[ru] Updated key: "item_hat_dlich_title" from "The Dracolich Wings" to "Крылья Dracolich"
[zh] Updated key: "item_hat_dlich_title" from "The Dracolich Wings" to "龙巫妖之翼"
[de] Updated key: "item_hat_dlich_desc" from "Extinction is for other people" to "Das Aussterben ist für andere Menschen"
[es] Updated key: "item_hat_dlich_desc" from "Extinction is for other people" to "La extinción es para otras personas"
[fr] Updated key: "item_hat_dlich_desc" from "Extinction is for other people" to "L'extinction est pour les autres"
[ko] Updated key: "item_hat_dlich_desc" from "Extinction is for other people" to "소멸은 다른 사람들에 대한 것입니다"
[nl] Updated key: "item_hat_dlich_desc" from "Extinction is for other people" to "Uitsterven is voor andere mensen"
[pt] Updated key: "item_hat_dlich_desc" from "Extinction is for other people" to "A extinção é para os outros"
[ru] Updated key: "item_hat_dlich_desc" from "Extinction is for other people" to "Вымирание – это для других людей."
[zh] Updated key: "item_hat_dlich_desc" from "Extinction is for other people" to "灭绝是为其他人而设"
[de] Updated key: "item_gre_mort_title" from "The Dark Wizard Grenade" to "Die dunkle Zauberergranate"
[es] Updated key: "item_gre_mort_title" from "The Dark Wizard Grenade" to "La granada del mago oscuro"
[fr] Updated key: "item_gre_mort_title" from "The Dark Wizard Grenade" to "Grenade du Sorcier noir"
[ko] Updated key: "item_gre_mort_title" from "The Dark Wizard Grenade" to "다크 위저드 수류탄"
[nl] Updated key: "item_gre_mort_title" from "The Dark Wizard Grenade" to "De Duistere Tovenaarsgranaat"
[pt] Updated key: "item_gre_mort_title" from "The Dark Wizard Grenade" to "Granada do Mago Negro"
[ru] Updated key: "item_gre_mort_title" from "The Dark Wizard Grenade" to "Граната темного волшебника"
[zh] Updated key: "item_gre_mort_title" from "The Dark Wizard Grenade" to "黑暗巫师手榴弹"
[de] Updated key: "item_gre_mort_desc" from "He who shall not be discussed" to "Über den nicht geredet werden darf"
[es] Updated key: "item_gre_mort_desc" from "He who shall not be discussed" to "El que no debe ser discutido"
[fr] Updated key: "item_gre_mort_desc" from "He who shall not be discussed" to "Celui dont on ne doit pas discuter"
[ko] Updated key: "item_gre_mort_desc" from "He who shall not be discussed" to "논의되지 않을 사람"
[nl] Updated key: "item_gre_mort_desc" from "He who shall not be discussed" to "Hij die niet besproken mag worden"
[pt] Updated key: "item_gre_mort_desc" from "He who shall not be discussed" to "Aquele que não deve ser discutido"
[ru] Updated key: "item_gre_mort_desc" from "He who shall not be discussed" to "Тот, кого не следует обсуждать"
[zh] Updated key: "item_gre_mort_desc" from "He who shall not be discussed" to "不该被谈论的人"
[de] Updated key: "item_hat_raid_title" from "The Raider Garb" to "Das Raider-Gewand"
[es] Updated key: "item_hat_raid_title" from "The Raider Garb" to "El atuendo del asaltante"
[fr] Updated key: "item_hat_raid_title" from "The Raider Garb" to "La tenue du Raider"
[ko] Updated key: "item_hat_raid_title" from "The Raider Garb" to "레이더 가브"
[nl] Updated key: "item_hat_raid_title" from "The Raider Garb" to "Het Raider-gewaad"
[pt] Updated key: "item_hat_raid_title" from "The Raider Garb" to "O traje do invasor"
[ru] Updated key: "item_hat_raid_title" from "The Raider Garb" to "Одеяние рейдера"
[zh] Updated key: "item_hat_raid_title" from "The Raider Garb" to "袭击者服装"
[de] Updated key: "item_hat_raid_desc" from "You need a gameplan to win" to "Sie brauchen einen Spielplan, um zu gewinnen"
[es] Updated key: "item_hat_raid_desc" from "You need a gameplan to win" to "Necesitas un plan de juego para ganar"
[fr] Updated key: "item_hat_raid_desc" from "You need a gameplan to win" to "Vous avez besoin d'un plan de jeu pour gagner"
[ko] Updated key: "item_hat_raid_desc" from "You need a gameplan to win" to "승리하려면 게임 플랜이 필요합니다"
[nl] Updated key: "item_hat_raid_desc" from "You need a gameplan to win" to "Je hebt een spelplan nodig om te winnen"
[pt] Updated key: "item_hat_raid_desc" from "You need a gameplan to win" to "Você precisa de um plano de jogo para vencer"
[ru] Updated key: "item_hat_raid_desc" from "You need a gameplan to win" to "Чтобы победить, вам нужен план игры."
[zh] Updated key: "item_hat_raid_desc" from "You need a gameplan to win" to "你需要制定比赛计划才能获胜"
[de] Updated key: "item_hat_neon_title" from "Neon Birdo Mask" to "Neon Birdo Maske"
[es] Updated key: "item_hat_neon_title" from "Neon Birdo Mask" to "Máscara de pájaro neón"
[fr] Updated key: "item_hat_neon_title" from "Neon Birdo Mask" to "Masque Birdo au néon"
[ko] Updated key: "item_hat_neon_title" from "Neon Birdo Mask" to "네온 버도 마스크"
[nl] Updated key: "item_hat_neon_title" from "Neon Birdo Mask" to "Neon Birdo-masker"
[pt] Updated key: "item_hat_neon_title" from "Neon Birdo Mask" to "Máscara Neon Birdo"
[ru] Updated key: "item_hat_neon_title" from "Neon Birdo Mask" to "Неоновая маска Бирдо"
[zh] Updated key: "item_hat_neon_title" from "Neon Birdo Mask" to "霓虹鸟面具"
[de] Updated key: "item_hat_neon_desc" from "Get your glow up" to "Bringen Sie Ihren Glanz zum Leuchten"
[es] Updated key: "item_hat_neon_desc" from "Get your glow up" to "Consigue tu brillo"
[fr] Updated key: "item_hat_neon_desc" from "Get your glow up" to "Obtenez votre éclat"
[ko] Updated key: "item_hat_neon_desc" from "Get your glow up" to "당신의 빛을 얻으세요"
[nl] Updated key: "item_hat_neon_desc" from "Get your glow up" to "Laat je stralen"
[pt] Updated key: "item_hat_neon_desc" from "Get your glow up" to "Aumente seu brilho"
[ru] Updated key: "item_hat_neon_desc" from "Get your glow up" to "Зажги свой блеск"
[zh] Updated key: "item_hat_neon_desc" from "Get your glow up" to "让你容光焕发"
[de] Updated key: "item_smg_jack_title" from "Jack O' Lantern Whipper" to "Kürbislaternen-Peitscher"
[es] Updated key: "item_smg_jack_title" from "Jack O' Lantern Whipper" to "Batidor de Jack O' Lantern"
[fr] Updated key: "item_smg_jack_title" from "Jack O' Lantern Whipper" to "Fouet à lanterne Jack O'Lantern"
[ko] Updated key: "item_smg_jack_title" from "Jack O' Lantern Whipper" to "잭 오 랜턴 위퍼"
[nl] Updated key: "item_smg_jack_title" from "Jack O' Lantern Whipper" to "Jack O' Lantern-pompoen"
[ru] Updated key: "item_smg_jack_title" from "Jack O' Lantern Whipper" to "Джек О'Лантерн Виппер"
[zh] Updated key: "item_smg_jack_title" from "Jack O' Lantern Whipper" to "杰克南瓜灯鞭子"
[de] Updated key: "item_smg_jack_desc" from "Unquenchable Fire" to "Unlöschbares Feuer"
[es] Updated key: "item_smg_jack_desc" from "Unquenchable Fire" to "Fuego inextinguible"
[fr] Updated key: "item_smg_jack_desc" from "Unquenchable Fire" to "Feu inextinguible"
[ko] Updated key: "item_smg_jack_desc" from "Unquenchable Fire" to "꺼지지 않는 불"
[nl] Updated key: "item_smg_jack_desc" from "Unquenchable Fire" to "Onblusbaar vuur"
[pt] Updated key: "item_smg_jack_desc" from "Unquenchable Fire" to "Fogo Inextinguível"
[ru] Updated key: "item_smg_jack_desc" from "Unquenchable Fire" to "Неугасимое пламя"
[zh] Updated key: "item_smg_jack_desc" from "Unquenchable Fire" to "不灭之火"
[de] Updated key: "item_hat_robo_title" from "Robot Police Person" to "Roboter-Polizist"
[es] Updated key: "item_hat_robo_title" from "Robot Police Person" to "Personaje policía robot"
[fr] Updated key: "item_hat_robo_title" from "Robot Police Person" to "Robot policier"
[ko] Updated key: "item_hat_robo_title" from "Robot Police Person" to "로봇 경찰"
[nl] Updated key: "item_hat_robo_title" from "Robot Police Person" to "Robot Politie Persoon"
[pt] Updated key: "item_hat_robo_title" from "Robot Police Person" to "Robô Policial Pessoa"
[ru] Updated key: "item_hat_robo_title" from "Robot Police Person" to "Робот-полицейский"
[zh] Updated key: "item_hat_robo_title" from "Robot Police Person" to "机器人警察"
[de] Updated key: "item_hat_robo_desc" from "You have the right to remain cracked" to "Sie haben das Recht, geknackt zu bleiben"
[es] Updated key: "item_hat_robo_desc" from "You have the right to remain cracked" to "Tienes derecho a permanecer agrietado"
[fr] Updated key: "item_hat_robo_desc" from "You have the right to remain cracked" to "Vous avez le droit de rester fissuré"
[ko] Updated key: "item_hat_robo_desc" from "You have the right to remain cracked" to "당신은 균열된 상태를 유지할 권리가 있습니다"
[nl] Updated key: "item_hat_robo_desc" from "You have the right to remain cracked" to "Je hebt het recht om gebroken te blijven"
[pt] Updated key: "item_hat_robo_desc" from "You have the right to remain cracked" to "Você tem o direito de permanecer rachado"
[ru] Updated key: "item_hat_robo_desc" from "You have the right to remain cracked" to "У тебя есть право оставаться треснувшим"
[zh] Updated key: "item_hat_robo_desc" from "You have the right to remain cracked" to "你有权保持清醒"
[de] Updated key: "item_aug_pie_title" from "The Pumpkin Pie-Hard" to "Der Stirb-Langsam-Kürbis"
[es] Updated key: "item_aug_pie_title" from "The Pumpkin Pie-Hard" to "El pastel de calabaza-Duro"
[fr] Updated key: "item_aug_pie_title" from "The Pumpkin Pie-Hard" to "La tarte à la citrouille dure"
[ko] Updated key: "item_aug_pie_title" from "The Pumpkin Pie-Hard" to "호박 파이-하드"
[nl] Updated key: "item_aug_pie_title" from "The Pumpkin Pie-Hard" to "De Pompoentaart-Hard"
[pt] Updated key: "item_aug_pie_title" from "The Pumpkin Pie-Hard" to "A Torta de Abóbora-Duro"
[ru] Updated key: "item_aug_pie_title" from "The Pumpkin Pie-Hard" to "Тыквенный пирог-хард"
[zh] Updated key: "item_aug_pie_title" from "The Pumpkin Pie-Hard" to "南瓜派-Hard"
[de] Updated key: "item_aug_pie_desc" from "This slice hits hard - crust us" to "Dieses Stück trifft uns hart - verkrustet uns"
[es] Updated key: "item_aug_pie_desc" from "This slice hits hard - crust us" to "Esta porción pega fuerte, nos hace costra."
[fr] Updated key: "item_aug_pie_desc" from "This slice hits hard - crust us" to "Cette tranche frappe fort - croûtons-nous"
[ko] Updated key: "item_aug_pie_desc" from "This slice hits hard - crust us" to "이 조각은 딱딱해요 - 우리를 껍질로 덮으세요"
[nl] Updated key: "item_aug_pie_desc" from "This slice hits hard - crust us" to "Deze plak komt hard aan - korst ons"
[pt] Updated key: "item_aug_pie_desc" from "This slice hits hard - crust us" to "Essa fatia bate forte - crosta nós"
[ru] Updated key: "item_aug_pie_desc" from "This slice hits hard - crust us" to "Этот ломтик бьет сильно - покрой нас корочкой"
[zh] Updated key: "item_aug_pie_desc" from "This slice hits hard - crust us" to "这片很震撼 - 外壳我们"
[de] Updated key: "bun_arach_title" from "Arachnophobia Bundle" to "Arachnophobie-Paket"
[es] Updated key: "bun_arach_title" from "Arachnophobia Bundle" to "Paquete de aracnofobia"
[fr] Updated key: "bun_arach_title" from "Arachnophobia Bundle" to "Forfait Arachnophobie"
[ko] Updated key: "bun_arach_title" from "Arachnophobia Bundle" to "거미공포증 묶음"
[nl] Updated key: "bun_arach_title" from "Arachnophobia Bundle" to "Arachnofobie bundel"
[pt] Updated key: "bun_arach_title" from "Arachnophobia Bundle" to "Pacote Aracnofobia"
[ru] Updated key: "bun_arach_title" from "Arachnophobia Bundle" to "Комплект Арахнофобии"
[zh] Updated key: "bun_arach_title" from "Arachnophobia Bundle" to "蜘蛛恐惧症捆绑包"
[de] Updated key: "bun_arach_desc" from "Conquer your fears" to "Besiegen Sie Ihre Ängste"
[es] Updated key: "bun_arach_desc" from "Conquer your fears" to "Conquista tus miedos"
[fr] Updated key: "bun_arach_desc" from "Conquer your fears" to "Surmontez vos peurs"
[ko] Updated key: "bun_arach_desc" from "Conquer your fears" to "두려움을 극복하세요"
[nl] Updated key: "bun_arach_desc" from "Conquer your fears" to "Overwin je angsten"
[pt] Updated key: "bun_arach_desc" from "Conquer your fears" to "Vença seus medos"
[ru] Updated key: "bun_arach_desc" from "Conquer your fears" to "Победи свои страхи"
[zh] Updated key: "bun_arach_desc" from "Conquer your fears" to "克服恐惧"
[de] Updated key: "bun_tactic_title" from "Tactical Pawn Bundle" to "Taktisches Bauernpaket"
[es] Updated key: "bun_tactic_title" from "Tactical Pawn Bundle" to "Lote de peones tácticos"
[fr] Updated key: "bun_tactic_title" from "Tactical Pawn Bundle" to "Forfait de pions tactiques"
[ko] Updated key: "bun_tactic_title" from "Tactical Pawn Bundle" to "전술 폰 번들"
[nl] Updated key: "bun_tactic_title" from "Tactical Pawn Bundle" to "Tactische pionbundel"
[pt] Updated key: "bun_tactic_title" from "Tactical Pawn Bundle" to "Pacote de Peões Táticos"
[ru] Updated key: "bun_tactic_title" from "Tactical Pawn Bundle" to "Тактический набор пешек"
[zh] Updated key: "bun_tactic_title" from "Tactical Pawn Bundle" to "战术典当捆绑包"
[de] Updated key: "bun_tactic_desc" from "The First move to victory" to "Der erste Schritt zum Sieg"
[es] Updated key: "bun_tactic_desc" from "The First move to victory" to "El primer paso hacia la victoria"
[fr] Updated key: "bun_tactic_desc" from "The First move to victory" to "Le premier pas vers la victoire"
[ko] Updated key: "bun_tactic_desc" from "The First move to victory" to "승리를 향한 첫 번째 움직임"
[nl] Updated key: "bun_tactic_desc" from "The First move to victory" to "De eerste stap naar de overwinning"
[pt] Updated key: "bun_tactic_desc" from "The First move to victory" to "O primeiro movimento para a vitória"
[ru] Updated key: "bun_tactic_desc" from "The First move to victory" to "Первый шаг к победе"
[zh] Updated key: "bun_tactic_desc" from "The First move to victory" to "迈向胜利的第一步"
[es] Updated key: "bun_zorg_title" from "ZORG" to "Zorgo"
[zh] Updated key: "bun_zorg_title" from "ZORG" to "佐尔格"
[de] Updated key: "bun_dove_title" from "The Rest In Peaces Bundle" to "Das Ruhe-in-Stücken-Paket"
[es] Updated key: "bun_dove_title" from "The Rest In Peaces Bundle" to "El paquete Descanse en paz"
[fr] Updated key: "bun_dove_title" from "The Rest In Peaces Bundle" to "Le forfait Repose en paix"
[ko] Updated key: "bun_dove_title" from "The Rest In Peaces Bundle" to "Rest In Peaces 번들"
[nl] Updated key: "bun_dove_title" from "The Rest In Peaces Bundle" to "De Rest In Peaces-bundel"
[pt] Updated key: "bun_dove_title" from "The Rest In Peaces Bundle" to "O pacote Rest In Peaces"
[ru] Updated key: "bun_dove_title" from "The Rest In Peaces Bundle" to "Пакет «Покойся с миром»"
[zh] Updated key: "bun_dove_title" from "The Rest In Peaces Bundle" to "安息礼包"
[de] Updated key: "bun_dove_desc" from "Always has been" to "War schon immer so"
[es] Updated key: "bun_dove_desc" from "Always has been" to "Siempre lo ha sido"
[fr] Updated key: "bun_dove_desc" from "Always has been" to "Cela a toujours été le cas"
[ko] Updated key: "bun_dove_desc" from "Always has been" to "항상 그래왔죠"
[nl] Updated key: "bun_dove_desc" from "Always has been" to "Is altijd zo geweest"
[pt] Updated key: "bun_dove_desc" from "Always has been" to "Sempre foi"
[ru] Updated key: "bun_dove_desc" from "Always has been" to "Всегда было"
[zh] Updated key: "bun_dove_desc" from "Always has been" to "一直都是"
[de] Updated key: "bun_sc2_title" from "Slayaway Camp 2 Bundle" to "Slayaway Camp 2-Paket"
[es] Updated key: "bun_sc2_title" from "Slayaway Camp 2 Bundle" to "Paquete Slayaway Camp 2"
[fr] Updated key: "bun_sc2_title" from "Slayaway Camp 2 Bundle" to "Forfait Slayaway Camp 2"
[ko] Updated key: "bun_sc2_title" from "Slayaway Camp 2 Bundle" to "슬레이어웨이 캠프 2 번들"
[nl] Updated key: "bun_sc2_title" from "Slayaway Camp 2 Bundle" to "Slayaway Camp 2-bundel"
[pt] Updated key: "bun_sc2_title" from "Slayaway Camp 2 Bundle" to "Pacote Slayaway Camp 2"
[ru] Updated key: "bun_sc2_title" from "Slayaway Camp 2 Bundle" to "Комплект Slayaway Camp 2"
[zh] Updated key: "bun_sc2_title" from "Slayaway Camp 2 Bundle" to "Slayaway Camp 2 捆绑包"
[de] Updated key: "bun_sc2_desc" from "It's out now on Steam!" to "Es ist jetzt auf Steam erhältlich!"
[es] Updated key: "bun_sc2_desc" from "It's out now on Steam!" to "¡Ya está disponible en Steam!"
[fr] Updated key: "bun_sc2_desc" from "It's out now on Steam!" to "C'est maintenant disponible sur Steam !"
[ko] Updated key: "bun_sc2_desc" from "It's out now on Steam!" to "이제 Steam에서 출시되었습니다!"
[nl] Updated key: "bun_sc2_desc" from "It's out now on Steam!" to "Het is nu verkrijgbaar op Steam!"
[pt] Updated key: "bun_sc2_desc" from "It's out now on Steam!" to "Já está disponível no Steam!"
[ru] Updated key: "bun_sc2_desc" from "It's out now on Steam!" to "Игра уже доступна в Steam!"
[zh] Updated key: "bun_sc2_desc" from "It's out now on Steam!" to "现已在 Steam 上推出！"
[de] Updated key: "egg_pack_special_msg" from "Now 10x Eggs!" to "Jetzt 10x Eier!"
[es] Updated key: "egg_pack_special_msg" from "Now 10x Eggs!" to "¡Ahora 10x Huevos!"
[fr] Updated key: "egg_pack_special_msg" from "Now 10x Eggs!" to "Maintenant 10 œufs !"
[ko] Updated key: "egg_pack_special_msg" from "Now 10x Eggs!" to "이제 달걀 10개!"
[nl] Updated key: "egg_pack_special_msg" from "Now 10x Eggs!" to "Nu 10x Eieren!"
[pt] Updated key: "egg_pack_special_msg" from "Now 10x Eggs!" to "Agora 10x Ovos!"
[ru] Updated key: "egg_pack_special_msg" from "Now 10x Eggs!" to "Теперь в 10 раз больше яиц!"
[zh] Updated key: "egg_pack_special_msg" from "Now 10x Eggs!" to "现在 10 倍鸡蛋！"
[en] Added key: "p_item_shop_gununtzuntz" with value: "The Untz Gun"
[de] Added key: "p_item_shop_gununtzuntz" with value: "Die Untz-Pistole"
[es] Added key: "p_item_shop_gununtzuntz" with value: "La pistola Untz"
[fr] Added key: "p_item_shop_gununtzuntz" with value: "Le pistolet Untz"
[ko] Updated key: "p_item_shop_gununtzuntz" from "The Untz Gun" to "운츠 건"
[nl] Updated key: "p_item_shop_gununtzuntz" from "The Untz Gun" to "Het Untz-geweer"
[pt] Updated key: "p_item_shop_gununtzuntz" from "The Untz Gun" to "A Arma Untz"
[ru] Updated key: "p_item_shop_gununtzuntz" from "The Untz Gun" to "Пистолет Унц"
[en] Added key: "p_item_shop_gununtzuntz_desc" with value: "Crackshot goes untz, untz"
[de] Added key: "p_item_shop_gununtzuntz_desc" with value: "Crackshot geht untz, untz"
[es] Added key: "p_item_shop_gununtzuntz_desc" with value: "El crackshot hace untz, untz"
[fr] Added key: "p_item_shop_gununtzuntz_desc" with value: "Crackshot va untz, untz"
[ko] Updated key: "p_item_shop_gununtzuntz_desc" from "Crackshot goes untz, untz" to "크랙샷이 운츠, 운츠"
[nl] Updated key: "p_item_shop_gununtzuntz_desc" from "Crackshot goes untz, untz" to "Crackshot gaat untz, untz"
[pt] Updated key: "p_item_shop_gununtzuntz_desc" from "Crackshot goes untz, untz" to "Crackshot vai untz, untz"
[ru] Updated key: "p_item_shop_gununtzuntz_desc" from "Crackshot goes untz, untz" to "Выстрел как унц-унц"
[de] Updated key: "tutorial_spacebar" from "Spacebar" to "Leertaste"
[es] Updated key: "tutorial_spacebar" from "Spacebar" to "Barra espaciadora"
[fr] Updated key: "tutorial_spacebar" from "Spacebar" to "Barre d'espace"
[ko] Updated key: "tutorial_spacebar" from "Spacebar" to "스페이스바"
[nl] Updated key: "tutorial_spacebar" from "Spacebar" to "Spatiebalk"
[pt] Updated key: "tutorial_spacebar" from "Spacebar" to "Barra de espaço"
[ru] Updated key: "tutorial_spacebar" from "Spacebar" to "Пробел"
[zh] Updated key: "tutorial_spacebar" from "Spacebar" to "空格键"
[es] Updated key: "tutorial_move_shift" from "Shift" to "Cambio"
[fr] Updated key: "tutorial_move_shift" from "Shift" to "Changement"
[ko] Updated key: "tutorial_move_shift" from "Shift" to "옮기기"
[nl] Updated key: "tutorial_move_shift" from "Shift" to "Verschuiving"
[pt] Updated key: "tutorial_move_shift" from "Shift" to "Mudança"
[ru] Updated key: "tutorial_move_shift" from "Shift" to "Сдвиг"
[zh] Updated key: "tutorial_move_shift" from "Shift" to "转移"
[de] Updated key: "chw_reward_skip_popup_title" from "View full video for reward" to "Sehen Sie sich das vollständige Video an, um eine Belohnung zu erhalten"
[es] Updated key: "chw_reward_skip_popup_title" from "View full video for reward" to "Ver el video completo para obtener la recompensa"
[fr] Updated key: "chw_reward_skip_popup_title" from "View full video for reward" to "Voir la vidéo complète pour la récompense"
[ko] Updated key: "chw_reward_skip_popup_title" from "View full video for reward" to "보상을 위해 전체 영상을 보세요"
[nl] Updated key: "chw_reward_skip_popup_title" from "View full video for reward" to "Bekijk de volledige video voor de beloning"
[pt] Updated key: "chw_reward_skip_popup_title" from "View full video for reward" to "Veja o vídeo completo para receber a recompensa"
[ru] Updated key: "chw_reward_skip_popup_title" from "View full video for reward" to "Посмотреть полное видео за вознаграждение"
[zh] Updated key: "chw_reward_skip_popup_title" from "View full video for reward" to "观看完整视频可获奖励"
[de] Updated key: "chw_reward_skip_popup_content" from "Sorry, but you need to watch the full video for the reward" to "Tut mir leid, aber Sie müssen das ganze Video ansehen, um die Belohnung zu erhalten"
[es] Updated key: "chw_reward_skip_popup_content" from "Sorry, but you need to watch the full video for the reward" to "Lo sentimos, pero debes ver el video completo para obtener la recompensa."
[fr] Updated key: "chw_reward_skip_popup_content" from "Sorry, but you need to watch the full video for the reward" to "Désolé, mais vous devez regarder la vidéo complète pour la récompense"
[ko] Updated key: "chw_reward_skip_popup_content" from "Sorry, but you need to watch the full video for the reward" to "죄송하지만 보상을 받으려면 전체 영상을 시청해야 합니다."
[nl] Updated key: "chw_reward_skip_popup_content" from "Sorry, but you need to watch the full video for the reward" to "Sorry, maar je moet de hele video bekijken voor de beloning"
[pt] Updated key: "chw_reward_skip_popup_content" from "Sorry, but you need to watch the full video for the reward" to "Desculpe, mas você precisa assistir ao vídeo completo para receber a recompensa"
[ru] Updated key: "chw_reward_skip_popup_content" from "Sorry, but you need to watch the full video for the reward" to "Извините, но для получения награды вам нужно посмотреть полное видео."
[zh] Updated key: "chw_reward_skip_popup_content" from "Sorry, but you need to watch the full video for the reward" to "抱歉，您需要观看完整视频才能获得奖励"
[de] Updated key: "product_bundles_popup_title" from "What's in the box?!?" to "Was ist in der Box?!?"
[es] Updated key: "product_bundles_popup_title" from "What's in the box?!?" to "¿¡Qué hay en la caja?!?"
[fr] Updated key: "product_bundles_popup_title" from "What's in the box?!?" to "Qu'y a-t-il dans la boîte ?!?"
[ko] Updated key: "product_bundles_popup_title" from "What's in the box?!?" to "상자 안에 뭐가 들어 있을까요?!?"
[nl] Updated key: "product_bundles_popup_title" from "What's in the box?!?" to "Wat zit er in de doos?!?"
[pt] Updated key: "product_bundles_popup_title" from "What's in the box?!?" to "O que tem na caixa?!?"
[ru] Updated key: "product_bundles_popup_title" from "What's in the box?!?" to "Что в коробке?!?"
[zh] Updated key: "product_bundles_popup_title" from "What's in the box?!?" to "盒子里有什么？！？"
[de] Updated key: "eq_search_out_head" from "Out of Cluck!" to "Ausgegluckt!"
[es] Updated key: "eq_search_out_head" from "Out of Cluck!" to "¡Fuera de Cluck!"
[fr] Updated key: "eq_search_out_head" from "Out of Cluck!" to "Hors de Cluck !"
[ko] Updated key: "eq_search_out_head" from "Out of Cluck!" to "엉뚱한 소리!"
[nl] Updated key: "eq_search_out_head" from "Out of Cluck!" to "Geen Cluck meer!"
[pt] Updated key: "eq_search_out_head" from "Out of Cluck!" to "Fora de si!"
[ru] Updated key: "eq_search_out_head" from "Out of Cluck!" to "Не повезло!"
[zh] Updated key: "eq_search_out_head" from "Out of Cluck!" to "咕噜咕噜！"
[de] Updated key: "eq_search_out_text" from "Try searching by item name, item set name, or color." to "Versuchen Sie die Suche nach Artikelnamen, Artikelsetnamen oder Farbe."
[es] Updated key: "eq_search_out_text" from "Try searching by item name, item set name, or color." to "Intente buscar por nombre del artículo, nombre del conjunto de artículos o color."
[fr] Updated key: "eq_search_out_text" from "Try searching by item name, item set name, or color." to "Essayez de rechercher par nom d'article, nom d'ensemble d'articles ou couleur."
[ko] Updated key: "eq_search_out_text" from "Try searching by item name, item set name, or color." to "아이템 이름, 아이템 세트 이름 또는 색상으로 검색해 보세요."
[nl] Updated key: "eq_search_out_text" from "Try searching by item name, item set name, or color." to "Probeer te zoeken op itemnaam, itemsetnaam of kleur."
[pt] Updated key: "eq_search_out_text" from "Try searching by item name, item set name, or color." to "Tente pesquisar pelo nome do item, nome do conjunto de itens ou cor."
[ru] Updated key: "eq_search_out_text" from "Try searching by item name, item set name, or color." to "Попробуйте выполнить поиск по названию элемента, названию набора элементов или цвету."
[zh] Updated key: "eq_search_out_text" from "Try searching by item name, item set name, or color." to "尝试按物品名称、物品集名称或颜色搜索。"
[de] Updated key: "eq_search_items" from "Search name, color, or theme!" to "Suchen Sie nach Namen, Farbe oder Thema!"
[es] Updated key: "eq_search_items" from "Search name, color, or theme!" to "¡Busca nombre, color o tema!"
[fr] Updated key: "eq_search_items" from "Search name, color, or theme!" to "Recherchez un nom, une couleur ou un thème !"
[ko] Updated key: "eq_search_items" from "Search name, color, or theme!" to "이름, 색상, 테마를 검색하세요!"
[nl] Updated key: "eq_search_items" from "Search name, color, or theme!" to "Zoek op naam, kleur of thema!"
[pt] Updated key: "eq_search_items" from "Search name, color, or theme!" to "Pesquise nome, cor ou tema!"
[ru] Updated key: "eq_search_items" from "Search name, color, or theme!" to "Найдите название, цвет или тему!"
[zh] Updated key: "eq_search_items" from "Search name, color, or theme!" to "搜索名称、颜色或主题！"
[de] Updated key: "report_reason_cheating" from "Cheating" to "Schummeln"
[es] Updated key: "report_reason_cheating" from "Cheating" to "Infiel"
[fr] Updated key: "report_reason_cheating" from "Cheating" to "Tricherie"
[ko] Updated key: "report_reason_cheating" from "Cheating" to "부정행위"
[nl] Updated key: "report_reason_cheating" from "Cheating" to "Bedriegen"
[pt] Updated key: "report_reason_cheating" from "Cheating" to "Trapaceando"
[ru] Updated key: "report_reason_cheating" from "Cheating" to "Обман"
[zh] Updated key: "report_reason_cheating" from "Cheating" to "作弊"
[de] Updated key: "report_reason_harassment" from "Harassment" to "Belästigung"
[es] Updated key: "report_reason_harassment" from "Harassment" to "Acoso"
[fr] Updated key: "report_reason_harassment" from "Harassment" to "Harcèlement"
[ko] Updated key: "report_reason_harassment" from "Harassment" to "괴롭힘"
[nl] Updated key: "report_reason_harassment" from "Harassment" to "Intimidatie"
[pt] Updated key: "report_reason_harassment" from "Harassment" to "Assédio"
[ru] Updated key: "report_reason_harassment" from "Harassment" to "Домогательство"
[zh] Updated key: "report_reason_harassment" from "Harassment" to "骚扰"
[de] Updated key: "report_reason_offensive" from "Offensive name/chat" to "Beleidigender Name/Chat"
[es] Updated key: "report_reason_offensive" from "Offensive name/chat" to "Nombre/chat ofensivo"
[fr] Updated key: "report_reason_offensive" from "Offensive name/chat" to "Nom/discussion offensant"
[ko] Updated key: "report_reason_offensive" from "Offensive name/chat" to "공격적인 이름/채팅"
[nl] Updated key: "report_reason_offensive" from "Offensive name/chat" to "Aanstootgevende naam/chat"
[pt] Updated key: "report_reason_offensive" from "Offensive name/chat" to "Nome/chat ofensivo"
[ru] Updated key: "report_reason_offensive" from "Offensive name/chat" to "Оскорбительное имя/чат"
[zh] Updated key: "report_reason_offensive" from "Offensive name/chat" to "冒犯性名称/聊天"
[de] Updated key: "report_reason_other" from "Other" to "Andere"
[es] Updated key: "report_reason_other" from "Other" to "Otro"
[fr] Updated key: "report_reason_other" from "Other" to "Autre"
[ko] Updated key: "report_reason_other" from "Other" to "기타"
[nl] Updated key: "report_reason_other" from "Other" to "Ander"
[pt] Updated key: "report_reason_other" from "Other" to "Outro"
[ru] Updated key: "report_reason_other" from "Other" to "Другое"
[zh] Updated key: "report_reason_other" from "Other" to "其他"
[de] Updated key: "report_player_title" from "Report Player" to "Spieler melden"
[es] Updated key: "report_player_title" from "Report Player" to "Reportar jugador"
[fr] Updated key: "report_player_title" from "Report Player" to "Signaler un joueur"
[ko] Updated key: "report_player_title" from "Report Player" to "플레이어 신고"
[nl] Updated key: "report_player_title" from "Report Player" to "Speler melden"
[pt] Updated key: "report_player_title" from "Report Player" to "Denunciar Jogador"
[ru] Updated key: "report_player_title" from "Report Player" to "Сообщить об игроке"
[zh] Updated key: "report_player_title" from "Report Player" to "举报玩家"
[de] Updated key: "report_confirm_title" from "Thank you!" to "Vielen Dank!"
[es] Updated key: "report_confirm_title" from "Thank you!" to "¡Gracias!"
[fr] Updated key: "report_confirm_title" from "Thank you!" to "Merci !"
[ko] Updated key: "report_confirm_title" from "Thank you!" to "감사합니다!"
[nl] Updated key: "report_confirm_title" from "Thank you!" to "Bedankt!"
[pt] Updated key: "report_confirm_title" from "Thank you!" to "Obrigado!"
[ru] Updated key: "report_confirm_title" from "Thank you!" to "Спасибо!"
[zh] Updated key: "report_confirm_title" from "Thank you!" to "谢谢你！"
[de] Updated key: "report_confirm_message" from "Your report has been received. We will investigate the issue and take appropriate action." to "Ihr Bericht wurde empfangen. Wir werden das Problem untersuchen und entsprechende Maßnahmen ergreifen."
[es] Updated key: "report_confirm_message" from "Your report has been received. We will investigate the issue and take appropriate action." to "Tu informe ha sido recibido. Investigaremos el problema y tomaremos las medidas apropiadas."
[fr] Updated key: "report_confirm_message" from "Your report has been received. We will investigate the issue and take appropriate action." to "Votre rapport a été reçu. Nous enquêterons sur le problème et prendrons les mesures appropriées."
[ko] Updated key: "report_confirm_message" from "Your report has been received. We will investigate the issue and take appropriate action." to "귀하의 신고가 접수되었습니다. 해당 문제를 조사하여 적절한 조치를 취하겠습니다."
[nl] Updated key: "report_confirm_message" from "Your report has been received. We will investigate the issue and take appropriate action." to "Uw rapport is ontvangen. Wij zullen het probleem onderzoeken en passende maatregelen nemen."
[pt] Updated key: "report_confirm_message" from "Your report has been received. We will investigate the issue and take appropriate action." to "Seu relatório foi recebido. Investigaremos o problema e tomaremos as medidas adequadas."
[ru] Updated key: "report_confirm_message" from "Your report has been received. We will investigate the issue and take appropriate action." to "Ваш отчет получен. Мы рассмотрим проблему и примем соответствующие меры."
[zh] Updated key: "report_confirm_message" from "Your report has been received. We will investigate the issue and take appropriate action." to "您的报告已收到。我们将调查该问题并采取适当措施。"
[de] Updated key: "case_sensitive" from "Case Sensitive" to "Groß-/Kleinschreibung beachten"
[es] Updated key: "case_sensitive" from "Case Sensitive" to "Distingue mayúsculas y minúsculas"
[fr] Updated key: "case_sensitive" from "Case Sensitive" to "Sensible aux majuscules et minuscules"
[ko] Updated key: "case_sensitive" from "Case Sensitive" to "대소문자 구분"
[nl] Updated key: "case_sensitive" from "Case Sensitive" to "Hoofdlettergevoelig"
[pt] Updated key: "case_sensitive" from "Case Sensitive" to "Maiúsculas e minúsculas"
[ru] Updated key: "case_sensitive" from "Case Sensitive" to "С учетом регистра"
[zh] Updated key: "case_sensitive" from "Case Sensitive" to "区分大小写"
[de] Updated key: "include_score" from "Include Score" to "Punktestand einschließen"
[es] Updated key: "include_score" from "Include Score" to "Incluir puntuación"
[fr] Updated key: "include_score" from "Include Score" to "Inclure le pointage"
[ko] Updated key: "include_score" from "Include Score" to "점수 포함"
[nl] Updated key: "include_score" from "Include Score" to "Score invoeren"
[pt] Updated key: "include_score" from "Include Score" to "Incluir pontuação"
[ru] Updated key: "include_score" from "Include Score" to "Включить оценку"
[zh] Updated key: "include_score" from "Include Score" to "包括分数"
[de] Updated key: "should_sort" from "Should Sort" to "Sollte sortieren"
[es] Updated key: "should_sort" from "Should Sort" to "Debería ordenar"
[fr] Updated key: "should_sort" from "Should Sort" to "Devrait trier"
[ko] Updated key: "should_sort" from "Should Sort" to "정렬해야 합니다"
[nl] Updated key: "should_sort" from "Should Sort" to "Moet sorteren"
[pt] Updated key: "should_sort" from "Should Sort" to "Deveria classificar"
[ru] Updated key: "should_sort" from "Should Sort" to "Должен сортировать"
[zh] Updated key: "should_sort" from "Should Sort" to "应该排序"
[de] Updated key: "include_matches" from "Include Matches" to "Übereinstimmungen einschließen"
[es] Updated key: "include_matches" from "Include Matches" to "Incluir coincidencias"
[fr] Updated key: "include_matches" from "Include Matches" to "Inclure les correspondances"
[ko] Updated key: "include_matches" from "Include Matches" to "일치 항목 포함"
[nl] Updated key: "include_matches" from "Include Matches" to "Wedstrijden invoeren"
[pt] Updated key: "include_matches" from "Include Matches" to "Incluir correspondências"
[ru] Updated key: "include_matches" from "Include Matches" to "Включить совпадения"
[zh] Updated key: "include_matches" from "Include Matches" to "包含匹配项"
[de] Updated key: "find_all_matches" from "Find All Matches" to "Alle Übereinstimmungen finden"
[es] Updated key: "find_all_matches" from "Find All Matches" to "Encuentra todas las coincidencias"
[fr] Updated key: "find_all_matches" from "Find All Matches" to "Trouver toutes les correspondances"
[ko] Updated key: "find_all_matches" from "Find All Matches" to "모든 일치 항목 찾기"
[nl] Updated key: "find_all_matches" from "Find All Matches" to "Vind alle overeenkomsten"
[pt] Updated key: "find_all_matches" from "Find All Matches" to "Encontrar todas as correspondências"
[ru] Updated key: "find_all_matches" from "Find All Matches" to "Найти все совпадения"
[zh] Updated key: "find_all_matches" from "Find All Matches" to "查找所有匹配项"
[de] Updated key: "min_match_char_length" from "Min Match Char Length" to "Minimale Übereinstimmungszeichenlänge"
[es] Updated key: "min_match_char_length" from "Min Match Char Length" to "Longitud mínima de carácter coincidente"
[fr] Updated key: "min_match_char_length" from "Min Match Char Length" to "Longueur minimale des caractères de correspondance"
[ko] Updated key: "min_match_char_length" from "Min Match Char Length" to "최소 일치 문자 길이"
[nl] Updated key: "min_match_char_length" from "Min Match Char Length" to "Minimale wedstrijdlengte"
[pt] Updated key: "min_match_char_length" from "Min Match Char Length" to "Comprimento mínimo do caractere de correspondência"
[ru] Updated key: "min_match_char_length" from "Min Match Char Length" to "Минимальная длина символа соответствия"
[zh] Updated key: "min_match_char_length" from "Min Match Char Length" to "最小匹配字符长度"
[de] Updated key: "location" from "Location" to "Standort"
[es] Updated key: "location" from "Location" to "Ubicación"
[fr] Updated key: "location" from "Location" to "Emplacement"
[ko] Updated key: "location" from "Location" to "위치"
[nl] Updated key: "location" from "Location" to "Locatie"
[pt] Updated key: "location" from "Location" to "Localização"
[ru] Updated key: "location" from "Location" to "Расположение"
[zh] Updated key: "location" from "Location" to "地点"
[de] Updated key: "threshold" from "Threshold" to "Schwelle"
[es] Updated key: "threshold" from "Threshold" to "Límite"
[fr] Updated key: "threshold" from "Threshold" to "Seuil"
[ko] Updated key: "threshold" from "Threshold" to "한계점"
[nl] Updated key: "threshold" from "Threshold" to "Drempelwaarde"
[pt] Updated key: "threshold" from "Threshold" to "Limite"
[ru] Updated key: "threshold" from "Threshold" to "Порог"
[zh] Updated key: "threshold" from "Threshold" to "临界点"
[de] Updated key: "distance" from "Distance" to "Distanz"
[es] Updated key: "distance" from "Distance" to "Distancia"
[ko] Updated key: "distance" from "Distance" to "거리"
[nl] Updated key: "distance" from "Distance" to "Afstand"
[pt] Updated key: "distance" from "Distance" to "Distância"
[ru] Updated key: "distance" from "Distance" to "Расстояние"
[zh] Updated key: "distance" from "Distance" to "距离"
[de] Updated key: "ui_game_spectate_select" from "Select Player" to "Spieler auswählen"
[es] Updated key: "ui_game_spectate_select" from "Select Player" to "Seleccionar jugador"
[fr] Updated key: "ui_game_spectate_select" from "Select Player" to "Sélectionner un joueur"
[ko] Updated key: "ui_game_spectate_select" from "Select Player" to "플레이어 선택"
[nl] Updated key: "ui_game_spectate_select" from "Select Player" to "Speler selecteren"
[pt] Updated key: "ui_game_spectate_select" from "Select Player" to "Selecione o jogador"
[ru] Updated key: "ui_game_spectate_select" from "Select Player" to "Выбрать игрока"
[zh] Updated key: "ui_game_spectate_select" from "Select Player" to "选择玩家"
[de] Updated key: "ui_game_spectate_controls" from "ESC : Exit - {0} : Toggle First-Person" to "ESC : Beenden - {0} : Erste Person umschalten"
[es] Updated key: "ui_game_spectate_controls" from "ESC : Exit - {0} : Toggle First-Person" to "ESC : Salir - {0} : Activar/desactivar primera persona"
[fr] Updated key: "ui_game_spectate_controls" from "ESC : Exit - {0} : Toggle First-Person" to "ESC : Quitter - {0} : Basculer vers la première personne"
[ko] Updated key: "ui_game_spectate_controls" from "ESC : Exit - {0} : Toggle First-Person" to "ESC : 종료 - {0} : 1인칭 전환"
[nl] Updated key: "ui_game_spectate_controls" from "ESC : Exit - {0} : Toggle First-Person" to "ESC : Afsluiten - {0} : Eerste persoon in-/uitschakelen"
[pt] Updated key: "ui_game_spectate_controls" from "ESC : Exit - {0} : Toggle First-Person" to "ESC : Sair - {0} : Alternar Primeira Pessoa"
[ru] Updated key: "ui_game_spectate_controls" from "ESC : Exit - {0} : Toggle First-Person" to "ESC : Выход - {0} : Переключить вид от первого лица"
[zh] Updated key: "ui_game_spectate_controls" from "ESC : Exit - {0} : Toggle First-Person" to "ESC : 退出 - {0} : 切换第一人称"
[de] Updated key: "keybindings_spectate_freecam" from "Toggle Freecam" to "Freecam ein-/ausschalten"
[es] Updated key: "keybindings_spectate_freecam" from "Toggle Freecam" to "Activar o desactivar Freecam"
[fr] Updated key: "keybindings_spectate_freecam" from "Toggle Freecam" to "Activer/désactiver Freecam"
[ko] Updated key: "keybindings_spectate_freecam" from "Toggle Freecam" to "프리캠 설정/해제"
[nl] Updated key: "keybindings_spectate_freecam" from "Toggle Freecam" to "Schakel Freecam in"
[pt] Updated key: "keybindings_spectate_freecam" from "Toggle Freecam" to "Alternar Freecam"
[ru] Updated key: "keybindings_spectate_freecam" from "Toggle Freecam" to "Переключить Freecam"
[zh] Updated key: "keybindings_spectate_freecam" from "Toggle Freecam" to "切换自由视角"
[de] Updated key: "challenges_completed" from "Challenges Completed" to "Abgeschlossene Herausforderungen"
[es] Updated key: "challenges_completed" from "Challenges Completed" to "Desafíos completados"
[fr] Updated key: "challenges_completed" from "Challenges Completed" to "Défis relevés"
[ko] Updated key: "challenges_completed" from "Challenges Completed" to "완료된 도전 과제"
[nl] Updated key: "challenges_completed" from "Challenges Completed" to "Uitdagingen voltooid"
[pt] Updated key: "challenges_completed" from "Challenges Completed" to "Desafios Concluídos"
[ru] Updated key: "challenges_completed" from "Challenges Completed" to "Задачи выполнены"
[zh] Updated key: "challenges_completed" from "Challenges Completed" to "已完成的挑战"
[de] Updated key: "total" from "Total" to "Gesamt"
[ko] Updated key: "total" from "Total" to "합계"
[nl] Updated key: "total" from "Total" to "Totaal"
[ru] Updated key: "total" from "Total" to "Общий"
[zh] Updated key: "total" from "Total" to "全部的"
[de] Updated key: "unique" from "Unique" to "Einzigartig"
[es] Updated key: "unique" from "Unique" to "Único"
[ko] Updated key: "unique" from "Unique" to "고유한"
[nl] Updated key: "unique" from "Unique" to "Uniek"
[pt] Updated key: "unique" from "Unique" to "Exclusivo"
[ru] Updated key: "unique" from "Unique" to "Уникальный"
[zh] Updated key: "unique" from "Unique" to "独特的"
[de] Updated key: "challenges_reroll" from "Reroll Challenge" to "Herausforderung neu würfeln"
[es] Updated key: "challenges_reroll" from "Reroll Challenge" to "Desafío de repetición"
[fr] Updated key: "challenges_reroll" from "Reroll Challenge" to "Défi de relance"
[ko] Updated key: "challenges_reroll" from "Reroll Challenge" to "도전 재시전"
[nl] Updated key: "challenges_reroll" from "Reroll Challenge" to "Opnieuw gooien uitdaging"
[pt] Updated key: "challenges_reroll" from "Reroll Challenge" to "Desafio de Reroll"
[ru] Updated key: "challenges_reroll" from "Reroll Challenge" to "Перебросьте вызов"
[zh] Updated key: "challenges_reroll" from "Reroll Challenge" to "重投挑战"
[es] Updated key: "keybindings_despawn" from "Pause" to "Pausa"
[ko] Updated key: "keybindings_despawn" from "Pause" to "일시중지"
[nl] Updated key: "keybindings_despawn" from "Pause" to "Pauze"
[pt] Updated key: "keybindings_despawn" from "Pause" to "Pausa"
[ru] Updated key: "keybindings_despawn" from "Pause" to "Пауза"
[zh] Updated key: "keybindings_despawn" from "Pause" to "暂停"
[de] Updated key: "keybindings_spectate_slow" from "Slow Movement" to "Langsame Bewegung"
[es] Updated key: "keybindings_spectate_slow" from "Slow Movement" to "Movimiento lento"
[fr] Updated key: "keybindings_spectate_slow" from "Slow Movement" to "Mouvement lent"
[ko] Updated key: "keybindings_spectate_slow" from "Slow Movement" to "느린 움직임"
[nl] Updated key: "keybindings_spectate_slow" from "Slow Movement" to "Langzame beweging"
[pt] Updated key: "keybindings_spectate_slow" from "Slow Movement" to "Movimento lento"
[ru] Updated key: "keybindings_spectate_slow" from "Slow Movement" to "Медленное движение"
[zh] Updated key: "keybindings_spectate_slow" from "Slow Movement" to "慢动作"
[de] Updated key: "claimed" from "Claimed!" to "Beansprucht!"
[es] Updated key: "claimed" from "Claimed!" to "¡Reclamado!"
[fr] Updated key: "claimed" from "Claimed!" to "Réclamé !"
[ko] Updated key: "claimed" from "Claimed!" to "청구되었습니다!"
[nl] Updated key: "claimed" from "Claimed!" to "Geclaimd!"
[pt] Updated key: "claimed" from "Claimed!" to "Reivindicado!"
[ru] Updated key: "claimed" from "Claimed!" to "Заявлено!"
[zh] Updated key: "claimed" from "Claimed!" to "已认领！"
[de] Updated key: "ks_hardboiled" from "Hard Boiled" to "Hart gekocht"
[es] Updated key: "ks_hardboiled" from "Hard Boiled" to "Duro"
[fr] Updated key: "ks_hardboiled" from "Hard Boiled" to "Cuit dur"
[ko] Updated key: "ks_hardboiled" from "Hard Boiled" to "오래 삶은"
[nl] Updated key: "ks_hardboiled" from "Hard Boiled" to "Hard Gekookt"
[pt] Updated key: "ks_hardboiled" from "Hard Boiled" to "Fervido"
[ru] Updated key: "ks_hardboiled" from "Hard Boiled" to "Вкрутую"
[zh] Updated key: "ks_hardboiled" from "Hard Boiled" to "煮熟"
[de] Updated key: "ks_egg_breaker" from "Egg Breaker" to "Eibrecher"
[es] Updated key: "ks_egg_breaker" from "Egg Breaker" to "Rompedor de huevos"
[fr] Updated key: "ks_egg_breaker" from "Egg Breaker" to "Casseur d'oeufs"
[ko] Updated key: "ks_egg_breaker" from "Egg Breaker" to "계란 깨는 기계"
[nl] Updated key: "ks_egg_breaker" from "Egg Breaker" to "Eierenbreker"
[pt] Updated key: "ks_egg_breaker" from "Egg Breaker" to "Quebrador de ovos"
[ru] Updated key: "ks_egg_breaker" from "Egg Breaker" to "Разбиватель яиц"
[zh] Updated key: "ks_egg_breaker" from "Egg Breaker" to "打蛋器"
[de] Updated key: "ks_restock" from "Restock" to "Auffüllen"
[es] Updated key: "ks_restock" from "Restock" to "Repoblar"
[fr] Updated key: "ks_restock" from "Restock" to "Réapprovisionner"
[ko] Updated key: "ks_restock" from "Restock" to "재입고"
[nl] Updated key: "ks_restock" from "Restock" to "Bijvullen"
[pt] Updated key: "ks_restock" from "Restock" to "Reabastecer"
[ru] Updated key: "ks_restock" from "Restock" to "Пополнение"
[zh] Updated key: "ks_restock" from "Restock" to "补货"
[de] Updated key: "ks_overheal" from "Overheal" to "Überheilung"
[es] Updated key: "ks_overheal" from "Overheal" to "Curación excesiva"
[fr] Updated key: "ks_overheal" from "Overheal" to "Sur-guérison"
[ko] Updated key: "ks_overheal" from "Overheal" to "오버힐"
[nl] Updated key: "ks_overheal" from "Overheal" to "Overgenezen"
[pt] Updated key: "ks_overheal" from "Overheal" to "Sobrecurar"
[ru] Updated key: "ks_overheal" from "Overheal" to "Сверхисцеление"
[zh] Updated key: "ks_overheal" from "Overheal" to "过度治疗"
[de] Updated key: "ks_miniegg" from "Mini Egg" to "Mini-Ei"
[es] Updated key: "ks_miniegg" from "Mini Egg" to "Mini huevo"
[fr] Updated key: "ks_miniegg" from "Mini Egg" to "Mini œuf"
[ko] Updated key: "ks_miniegg" from "Mini Egg" to "미니 에그"
[nl] Updated key: "ks_miniegg" from "Mini Egg" to "Mini-ei"
[pt] Updated key: "ks_miniegg" from "Mini Egg" to "Mini ovo"
[ru] Updated key: "ks_miniegg" from "Mini Egg" to "Мини-яйцо"
[zh] Updated key: "ks_miniegg" from "Mini Egg" to "迷你鸡蛋"
[de] Updated key: "ks_double_eggs" from "Double Eggs" to "Doppelte Eier"
[es] Updated key: "ks_double_eggs" from "Double Eggs" to "Huevos dobles"
[fr] Updated key: "ks_double_eggs" from "Double Eggs" to "Oeufs doubles"
[ko] Updated key: "ks_double_eggs" from "Double Eggs" to "더블 에그"
[nl] Updated key: "ks_double_eggs" from "Double Eggs" to "Dubbele eieren"
[pt] Updated key: "ks_double_eggs" from "Double Eggs" to "Ovos Duplos"
[ru] Updated key: "ks_double_eggs" from "Double Eggs" to "Двойные яйца"
[zh] Updated key: "ks_double_eggs" from "Double Eggs" to "双蛋"
[de] Updated key: "ks_dmg" from "Damage" to "Schaden"
[es] Updated key: "ks_dmg" from "Damage" to "Daño"
[fr] Updated key: "ks_dmg" from "Damage" to "Dommage"
[ko] Updated key: "ks_dmg" from "Damage" to "손상"
[nl] Updated key: "ks_dmg" from "Damage" to "Schade"
[pt] Updated key: "ks_dmg" from "Damage" to "Dano"
[ru] Updated key: "ks_dmg" from "Damage" to "Повреждать"
[zh] Updated key: "ks_dmg" from "Damage" to "损害"
[de] Updated key: "ks_shell_streak" from "Shell Streak" to "Granatenserie"
[es] Updated key: "ks_shell_streak" from "Shell Streak" to "Racha de conchas"
[fr] Updated key: "ks_shell_streak" from "Shell Streak" to "Tracé de coquille"
[ko] Updated key: "ks_shell_streak" from "Shell Streak" to "쉘 스트릭"
[nl] Updated key: "ks_shell_streak" from "Shell Streak" to "Schelpenstreep"
[pt] Updated key: "ks_shell_streak" from "Shell Streak" to "Raia de Concha"
[ru] Updated key: "ks_shell_streak" from "Shell Streak" to "Шелл Стрик"
[zh] Updated key: "ks_shell_streak" from "Shell Streak" to "贝壳条纹"
[de] Updated key: "account_profile_empty_title" from "No stats" to "Keine Statistiken"
[es] Updated key: "account_profile_empty_title" from "No stats" to "Sin estadísticas"
[fr] Updated key: "account_profile_empty_title" from "No stats" to "Aucune statistique"
[ko] Updated key: "account_profile_empty_title" from "No stats" to "통계 없음"
[nl] Updated key: "account_profile_empty_title" from "No stats" to "Geen statistieken"
[pt] Updated key: "account_profile_empty_title" from "No stats" to "Nenhuma estatística"
[ru] Updated key: "account_profile_empty_title" from "No stats" to "Нет статистики"
[zh] Updated key: "account_profile_empty_title" from "No stats" to "没有统计数据"
[de] Updated key: "account_profile_empty_desc" from "Play a game to activate game stats & sign in to save them!" to "Spielen Sie ein Spiel, um Spielstatistiken zu aktivieren, und melden Sie sich an, um sie zu speichern!"
[es] Updated key: "account_profile_empty_desc" from "Play a game to activate game stats & sign in to save them!" to "¡Juega un juego para activar las estadísticas del juego e inicia sesión para guardarlas!"
[fr] Updated key: "account_profile_empty_desc" from "Play a game to activate game stats & sign in to save them!" to "Jouez à un jeu pour activer les statistiques de jeu et connectez-vous pour les enregistrer !"
[ko] Updated key: "account_profile_empty_desc" from "Play a game to activate game stats & sign in to save them!" to "게임을 플레이해서 게임 통계를 활성화하고, 로그인해서 통계를 저장하세요!"
[nl] Updated key: "account_profile_empty_desc" from "Play a game to activate game stats & sign in to save them!" to "Speel een spel om spelstatistieken te activeren en meld je aan om ze op te slaan!"
[pt] Updated key: "account_profile_empty_desc" from "Play a game to activate game stats & sign in to save them!" to "Jogue para ativar as estatísticas do jogo e faça login para salvá-las!"
[ru] Updated key: "account_profile_empty_desc" from "Play a game to activate game stats & sign in to save them!" to "Сыграйте в игру, чтобы активировать игровую статистику, и войдите в систему, чтобы сохранить ее!"
[zh] Updated key: "account_profile_empty_desc" from "Play a game to activate game stats & sign in to save them!" to "玩游戏来激活游戏统计数据并登录来保存它们！"
[de] Updated key: "s_popup_feature_premium_kills" from "2x eggs per kill! 4x on weekends!!!" to "2x Eier pro Kill! 4x am Wochenende!!!"
[es] Updated key: "s_popup_feature_premium_kills" from "2x eggs per kill! 4x on weekends!!!" to "¡2 huevos por muerte! 4x los fines de semana!!!"
[fr] Updated key: "s_popup_feature_premium_kills" from "2x eggs per kill! 4x on weekends!!!" to "2x œufs par tuerie ! 4x la fin de semaine !!!"
[ko] Updated key: "s_popup_feature_premium_kills" from "2x eggs per kill! 4x on weekends!!!" to "한 번 죽일 때마다 알을 2배로 얻습니다! 주말에는 4배!!!"
[nl] Updated key: "s_popup_feature_premium_kills" from "2x eggs per kill! 4x on weekends!!!" to "2x eieren per dode! 4x in het weekend!!!"
[pt] Updated key: "s_popup_feature_premium_kills" from "2x eggs per kill! 4x on weekends!!!" to "2x ovos por morte! 4x nos fins de semana!!!"
[ru] Updated key: "s_popup_feature_premium_kills" from "2x eggs per kill! 4x on weekends!!!" to "2 яйца за убийство! 4 раза по выходным!!!"
[zh] Updated key: "s_popup_feature_premium_kills" from "2x eggs per kill! 4x on weekends!!!" to "每杀死一次可获得 2 个鸡蛋！周末 4 次！！！"
[de] Updated key: "s_popup_feature_premium_stamp_pos" from "Stamp Movement for new skin Combos!" to "Stempelbewegung für neue Skin-Kombinationen!"
[es] Updated key: "s_popup_feature_premium_stamp_pos" from "Stamp Movement for new skin Combos!" to "¡Movimiento de sellos para nuevos combos de aspectos!"
[fr] Updated key: "s_popup_feature_premium_stamp_pos" from "Stamp Movement for new skin Combos!" to "Mouvement de tampon pour les nouveaux combos de peaux !"
[ko] Updated key: "s_popup_feature_premium_stamp_pos" from "Stamp Movement for new skin Combos!" to "새로운 스킨 콤보를 위한 스탬프 운동!"
[nl] Updated key: "s_popup_feature_premium_stamp_pos" from "Stamp Movement for new skin Combos!" to "Stamp Movement voor nieuwe skincombo's!"
[pt] Updated key: "s_popup_feature_premium_stamp_pos" from "Stamp Movement for new skin Combos!" to "Movimento de carimbo para novos combos de skins!"
[ru] Updated key: "s_popup_feature_premium_stamp_pos" from "Stamp Movement for new skin Combos!" to "Движение штампа для новых комбинаций скинов!"
[zh] Updated key: "s_popup_feature_premium_stamp_pos" from "Stamp Movement for new skin Combos!" to "印章运动获得新皮肤组合！"
[en] Updated key: "s-membership-value" from "${0}+ Value!" to "Value!"
[de] Updated key: "s-membership-value" from "${0}+ Value!" to "Wert!"
[es] Updated key: "s-membership-value" from "${0}+ Value!" to "¡Valor!"
[fr] Updated key: "s-membership-value" from "${0}+ Value!" to "Valeur !"
[ko] Updated key: "s-membership-value" from "${0}+ Value!" to "값!"
[nl] Updated key: "s-membership-value" from "${0}+ Value!" to "Waarde!"
[pt] Updated key: "s-membership-value" from "${0}+ Value!" to "Valor!"
[ru] Updated key: "s-membership-value" from "${0}+ Value!" to "Ценить!"
[zh] Updated key: "s-membership-value" from "${0}+ Value!" to "价值！"
[en] Updated key: "chw_wake" from "<i class='fas fa-egg'></i> {0} Wake Now!" to "Wake Now!"
[de] Updated key: "chw_wake" from "<i class='fas fa-egg'></i> {0} Wake Now!" to "Jetzt aufwachen!"
[es] Updated key: "chw_wake" from "<i class='fas fa-egg'></i> {0} Wake Now!" to "¡Despierta ahora!"
[fr] Updated key: "chw_wake" from "<i class='fas fa-egg'></i> {0} Wake Now!" to "Réveille-toi maintenant !"
[ko] Updated key: "chw_wake" from "<i class='fas fa-egg'></i> {0} Wake Now!" to "지금 일어나세요!"
[nl] Updated key: "chw_wake" from "<i class='fas fa-egg'></i> {0} Wake Now!" to "Word nu wakker!"
[pt] Updated key: "chw_wake" from "<i class='fas fa-egg'></i> {0} Wake Now!" to "Acorde agora!"
[ru] Updated key: "chw_wake" from "<i class='fas fa-egg'></i> {0} Wake Now!" to "Просыпайтесь сейчас!"
[zh] Updated key: "chw_wake" from "<i class='fas fa-egg'></i> {0} Wake Now!" to "现在醒來！"
[de] Updated key: "bun_plant_title" from "The Mandregg Plant Bundle" to "Das Mandregg Pflanzenpaket"
[es] Updated key: "bun_plant_title" from "The Mandregg Plant Bundle" to "El paquete de plantas de mandril"
[fr] Updated key: "bun_plant_title" from "The Mandregg Plant Bundle" to "Le lot de plantes Mandregg"
[ko] Updated key: "bun_plant_title" from "The Mandregg Plant Bundle" to "만드레그 플랜트 번들"
[nl] Updated key: "bun_plant_title" from "The Mandregg Plant Bundle" to "De Mandregg Plantenbundel"
[pt] Updated key: "bun_plant_title" from "The Mandregg Plant Bundle" to "O pacote de plantas Mandregg"
[ru] Updated key: "bun_plant_title" from "The Mandregg Plant Bundle" to "Комплект растений Mandregg"
[zh] Updated key: "bun_plant_title" from "The Mandregg Plant Bundle" to "Mandregg 植物束"
[de] Updated key: "bun_plant_desc" from "Screaming fun" to "Kreischender Spaß"
[es] Updated key: "bun_plant_desc" from "Screaming fun" to "Diversión a gritos"
[fr] Updated key: "bun_plant_desc" from "Screaming fun" to "Du plaisir à crier"
[ko] Updated key: "bun_plant_desc" from "Screaming fun" to "비명 지르는 재미"
[nl] Updated key: "bun_plant_desc" from "Screaming fun" to "Schreeuwend plezier"
[pt] Updated key: "bun_plant_desc" from "Screaming fun" to "Diversão gritando"
[ru] Updated key: "bun_plant_desc" from "Screaming fun" to "Уморительный фарс"
[zh] Updated key: "bun_plant_desc" from "Screaming fun" to "尖叫乐趣"
[en] Updated key: "death_by_fall" from "Fall" to "Fall Deaths"
[de] Updated key: "death_by_fall" from "Fall" to "Todesfälle im Herbst"
[es] Updated key: "death_by_fall" from "Fall" to "Muertes por caídas"
[fr] Updated key: "death_by_fall" from "Fall" to "Décès dus aux chutes"
[ko] Updated key: "death_by_fall" from "Fall" to "가을 사망"
[nl] Updated key: "death_by_fall" from "Fall" to "Doden door de herfst"
[pt] Updated key: "death_by_fall" from "Fall" to "Mortes no Outono"
[ru] Updated key: "death_by_fall" from "Fall" to "Смерти от падения"
[zh] Updated key: "death_by_fall" from "Fall" to "秋季死亡"
[en] Added key: "mem_option_nostring" with value: "Membership Options"
[de] Added key: "mem_option_nostring" with value: "Mitgliedschaftsoptionen"
[es] Added key: "mem_option_nostring" with value: "Opciones de membresía"
[fr] Added key: "mem_option_nostring" with value: "Options d'adhésion"
[ko] Added key: "mem_option_nostring" with value: "멤버십 옵션"
[nl] Added key: "mem_option_nostring" with value: "Opties voor Lidmaatschap"
[pt] Added key: "mem_option_nostring" with value: "Opções de Associação"
[ru] Added key: "mem_option_nostring" with value: "Варианты членства"
[zh] Added key: "mem_option_nostring" with value: "会员选项"
[en] Added key: "more_options_nostring" with value: "More Options"
[de] Added key: "more_options_nostring" with value: "Mehr Optionen"
[es] Added key: "more_options_nostring" with value: "Más opciones"
[fr] Added key: "more_options_nostring" with value: "Plus d'options"
[ko] Added key: "more_options_nostring" with value: "추가 옵션"
[nl] Added key: "more_options_nostring" with value: "Meer opties"
[pt] Added key: "more_options_nostring" with value: "Mais opções"
[ru] Added key: "more_options_nostring" with value: "Больше вариантов"
[zh] Added key: "more_options_nostring" with value: "更多的选择"